INFO -  Checking System Description Files
INFO -   System description checker passed for ND96amsr_A100_v4_n1
INFO -   System description checker passed for ND96amsr_A100_v4_n9
INFO -   System description checker passed for ND96amsr_A100_v4_n8
INFO -   System description checker passed for ND96amsr_A100_v4_n8
INFO -   System description checker passed for ND96amsr_A100_v4_n4
INFO -   System description checker passed for ND96amsr_A100_v4_n2
INFO -   System description checker passed for ND96amsr_A100_v4_n16
INFO -   System description checker passed for ND96amsr_A100_v4_n1
INFO -   System description checker passed for ND96amsr_A100_v4_n1
INFO - ------------------------------
INFO -  Running compliance checks in dir /mnt/resource_nvme/submissions_training_2.0/Azure/results/ND96amsr_A100_v4_n9_mxnet/unet3d
INFO -  System ND96amsr_A100_v4_n9_mxnet
INFO -  Benchmark unet3d
INFO - ------------------------------
INFO - ------------------------------
INFO - Run 1/40
INFO - Running compliance on file: /mnt/resource_nvme/submissions_training_2.0/Azure/results/ND96amsr_A100_v4_n9_mxnet/unet3d/result_0.txt
INFO -  Compliance checks: training_2.0.0/common.yaml
INFO -  Compliance checks: training_2.0.0/closed_common.yaml
INFO -  Compliance checks: training_2.0.0/closed_unet3d.yaml
INFO - ------------------------------
INFO - Run 2/40
INFO - Running compliance on file: /mnt/resource_nvme/submissions_training_2.0/Azure/results/ND96amsr_A100_v4_n9_mxnet/unet3d/result_1.txt
INFO -  Compliance checks: training_2.0.0/common.yaml
INFO -  Compliance checks: training_2.0.0/closed_common.yaml
INFO -  Compliance checks: training_2.0.0/closed_unet3d.yaml
INFO - ------------------------------
INFO - Run 3/40
INFO - Running compliance on file: /mnt/resource_nvme/submissions_training_2.0/Azure/results/ND96amsr_A100_v4_n9_mxnet/unet3d/result_10.txt
INFO -  Compliance checks: training_2.0.0/common.yaml
INFO -  Compliance checks: training_2.0.0/closed_common.yaml
INFO -  Compliance checks: training_2.0.0/closed_unet3d.yaml
INFO - ------------------------------
INFO - Run 4/40
INFO - Running compliance on file: /mnt/resource_nvme/submissions_training_2.0/Azure/results/ND96amsr_A100_v4_n9_mxnet/unet3d/result_11.txt
INFO -  Compliance checks: training_2.0.0/common.yaml
INFO -  Compliance checks: training_2.0.0/closed_common.yaml
INFO -  Compliance checks: training_2.0.0/closed_unet3d.yaml
INFO - ------------------------------
INFO - Run 5/40
INFO - Running compliance on file: /mnt/resource_nvme/submissions_training_2.0/Azure/results/ND96amsr_A100_v4_n9_mxnet/unet3d/result_12.txt
INFO -  Compliance checks: training_2.0.0/common.yaml
INFO -  Compliance checks: training_2.0.0/closed_common.yaml
INFO -  Compliance checks: training_2.0.0/closed_unet3d.yaml
INFO - ------------------------------
INFO - Run 6/40
INFO - Running compliance on file: /mnt/resource_nvme/submissions_training_2.0/Azure/results/ND96amsr_A100_v4_n9_mxnet/unet3d/result_13.txt
INFO -  Compliance checks: training_2.0.0/common.yaml
INFO -  Compliance checks: training_2.0.0/closed_common.yaml
INFO -  Compliance checks: training_2.0.0/closed_unet3d.yaml
INFO - ------------------------------
INFO - Run 7/40
INFO - Running compliance on file: /mnt/resource_nvme/submissions_training_2.0/Azure/results/ND96amsr_A100_v4_n9_mxnet/unet3d/result_14.txt
INFO -  Compliance checks: training_2.0.0/common.yaml
INFO -  Compliance checks: training_2.0.0/closed_common.yaml
INFO -  Compliance checks: training_2.0.0/closed_unet3d.yaml
INFO - ------------------------------
INFO - Run 8/40
INFO - Running compliance on file: /mnt/resource_nvme/submissions_training_2.0/Azure/results/ND96amsr_A100_v4_n9_mxnet/unet3d/result_15.txt
INFO -  Compliance checks: training_2.0.0/common.yaml
INFO -  Compliance checks: training_2.0.0/closed_common.yaml
INFO -  Compliance checks: training_2.0.0/closed_unet3d.yaml
INFO - ------------------------------
INFO - Run 9/40
INFO - Running compliance on file: /mnt/resource_nvme/submissions_training_2.0/Azure/results/ND96amsr_A100_v4_n9_mxnet/unet3d/result_16.txt
INFO -  Compliance checks: training_2.0.0/common.yaml
INFO -  Compliance checks: training_2.0.0/closed_common.yaml
INFO -  Compliance checks: training_2.0.0/closed_unet3d.yaml
INFO - ------------------------------
INFO - Run 10/40
INFO - Running compliance on file: /mnt/resource_nvme/submissions_training_2.0/Azure/results/ND96amsr_A100_v4_n9_mxnet/unet3d/result_17.txt
INFO -  Compliance checks: training_2.0.0/common.yaml
INFO -  Compliance checks: training_2.0.0/closed_common.yaml
INFO -  Compliance checks: training_2.0.0/closed_unet3d.yaml
INFO - ------------------------------
INFO - Run 11/40
INFO - Running compliance on file: /mnt/resource_nvme/submissions_training_2.0/Azure/results/ND96amsr_A100_v4_n9_mxnet/unet3d/result_18.txt
INFO -  Compliance checks: training_2.0.0/common.yaml
INFO -  Compliance checks: training_2.0.0/closed_common.yaml
INFO -  Compliance checks: training_2.0.0/closed_unet3d.yaml
INFO - ------------------------------
INFO - Run 12/40
INFO - Running compliance on file: /mnt/resource_nvme/submissions_training_2.0/Azure/results/ND96amsr_A100_v4_n9_mxnet/unet3d/result_19.txt
INFO -  Compliance checks: training_2.0.0/common.yaml
INFO -  Compliance checks: training_2.0.0/closed_common.yaml
INFO -  Compliance checks: training_2.0.0/closed_unet3d.yaml
INFO - ------------------------------
INFO - Run 13/40
INFO - Running compliance on file: /mnt/resource_nvme/submissions_training_2.0/Azure/results/ND96amsr_A100_v4_n9_mxnet/unet3d/result_2.txt
INFO -  Compliance checks: training_2.0.0/common.yaml
INFO -  Compliance checks: training_2.0.0/closed_common.yaml
INFO -  Compliance checks: training_2.0.0/closed_unet3d.yaml
INFO - ------------------------------
INFO - Run 14/40
INFO - Running compliance on file: /mnt/resource_nvme/submissions_training_2.0/Azure/results/ND96amsr_A100_v4_n9_mxnet/unet3d/result_20.txt
INFO -  Compliance checks: training_2.0.0/common.yaml
INFO -  Compliance checks: training_2.0.0/closed_common.yaml
INFO -  Compliance checks: training_2.0.0/closed_unet3d.yaml
INFO - ------------------------------
INFO - Run 15/40
INFO - Running compliance on file: /mnt/resource_nvme/submissions_training_2.0/Azure/results/ND96amsr_A100_v4_n9_mxnet/unet3d/result_21.txt
INFO -  Compliance checks: training_2.0.0/common.yaml
INFO -  Compliance checks: training_2.0.0/closed_common.yaml
INFO -  Compliance checks: training_2.0.0/closed_unet3d.yaml
INFO - ------------------------------
INFO - Run 16/40
INFO - Running compliance on file: /mnt/resource_nvme/submissions_training_2.0/Azure/results/ND96amsr_A100_v4_n9_mxnet/unet3d/result_22.txt
INFO -  Compliance checks: training_2.0.0/common.yaml
INFO -  Compliance checks: training_2.0.0/closed_common.yaml
INFO -  Compliance checks: training_2.0.0/closed_unet3d.yaml
INFO - ------------------------------
INFO - Run 17/40
INFO - Running compliance on file: /mnt/resource_nvme/submissions_training_2.0/Azure/results/ND96amsr_A100_v4_n9_mxnet/unet3d/result_23.txt
INFO -  Compliance checks: training_2.0.0/common.yaml
INFO -  Compliance checks: training_2.0.0/closed_common.yaml
INFO -  Compliance checks: training_2.0.0/closed_unet3d.yaml
INFO - ------------------------------
INFO - Run 18/40
INFO - Running compliance on file: /mnt/resource_nvme/submissions_training_2.0/Azure/results/ND96amsr_A100_v4_n9_mxnet/unet3d/result_24.txt
INFO -  Compliance checks: training_2.0.0/common.yaml
INFO -  Compliance checks: training_2.0.0/closed_common.yaml
INFO -  Compliance checks: training_2.0.0/closed_unet3d.yaml
INFO - ------------------------------
INFO - Run 19/40
INFO - Running compliance on file: /mnt/resource_nvme/submissions_training_2.0/Azure/results/ND96amsr_A100_v4_n9_mxnet/unet3d/result_25.txt
INFO -  Compliance checks: training_2.0.0/common.yaml
INFO -  Compliance checks: training_2.0.0/closed_common.yaml
INFO -  Compliance checks: training_2.0.0/closed_unet3d.yaml
INFO - ------------------------------
INFO - Run 20/40
INFO - Running compliance on file: /mnt/resource_nvme/submissions_training_2.0/Azure/results/ND96amsr_A100_v4_n9_mxnet/unet3d/result_26.txt
INFO -  Compliance checks: training_2.0.0/common.yaml
INFO -  Compliance checks: training_2.0.0/closed_common.yaml
INFO -  Compliance checks: training_2.0.0/closed_unet3d.yaml
INFO - ------------------------------
INFO - Run 21/40
INFO - Running compliance on file: /mnt/resource_nvme/submissions_training_2.0/Azure/results/ND96amsr_A100_v4_n9_mxnet/unet3d/result_27.txt
INFO -  Compliance checks: training_2.0.0/common.yaml
INFO -  Compliance checks: training_2.0.0/closed_common.yaml
INFO -  Compliance checks: training_2.0.0/closed_unet3d.yaml
INFO - ------------------------------
INFO - Run 22/40
INFO - Running compliance on file: /mnt/resource_nvme/submissions_training_2.0/Azure/results/ND96amsr_A100_v4_n9_mxnet/unet3d/result_28.txt
INFO -  Compliance checks: training_2.0.0/common.yaml
INFO -  Compliance checks: training_2.0.0/closed_common.yaml
INFO -  Compliance checks: training_2.0.0/closed_unet3d.yaml
INFO - ------------------------------
INFO - Run 23/40
INFO - Running compliance on file: /mnt/resource_nvme/submissions_training_2.0/Azure/results/ND96amsr_A100_v4_n9_mxnet/unet3d/result_29.txt
INFO -  Compliance checks: training_2.0.0/common.yaml
INFO -  Compliance checks: training_2.0.0/closed_common.yaml
INFO -  Compliance checks: training_2.0.0/closed_unet3d.yaml
INFO - ------------------------------
INFO - Run 24/40
INFO - Running compliance on file: /mnt/resource_nvme/submissions_training_2.0/Azure/results/ND96amsr_A100_v4_n9_mxnet/unet3d/result_3.txt
INFO -  Compliance checks: training_2.0.0/common.yaml
INFO -  Compliance checks: training_2.0.0/closed_common.yaml
INFO -  Compliance checks: training_2.0.0/closed_unet3d.yaml
INFO - ------------------------------
INFO - Run 25/40
INFO - Running compliance on file: /mnt/resource_nvme/submissions_training_2.0/Azure/results/ND96amsr_A100_v4_n9_mxnet/unet3d/result_30.txt
INFO -  Compliance checks: training_2.0.0/common.yaml
INFO -  Compliance checks: training_2.0.0/closed_common.yaml
INFO -  Compliance checks: training_2.0.0/closed_unet3d.yaml
INFO - ------------------------------
INFO - Run 26/40
INFO - Running compliance on file: /mnt/resource_nvme/submissions_training_2.0/Azure/results/ND96amsr_A100_v4_n9_mxnet/unet3d/result_31.txt
INFO -  Compliance checks: training_2.0.0/common.yaml
INFO -  Compliance checks: training_2.0.0/closed_common.yaml
INFO -  Compliance checks: training_2.0.0/closed_unet3d.yaml
INFO - ------------------------------
INFO - Run 27/40
INFO - Running compliance on file: /mnt/resource_nvme/submissions_training_2.0/Azure/results/ND96amsr_A100_v4_n9_mxnet/unet3d/result_32.txt
INFO -  Compliance checks: training_2.0.0/common.yaml
INFO -  Compliance checks: training_2.0.0/closed_common.yaml
INFO -  Compliance checks: training_2.0.0/closed_unet3d.yaml
INFO - ------------------------------
INFO - Run 28/40
INFO - Running compliance on file: /mnt/resource_nvme/submissions_training_2.0/Azure/results/ND96amsr_A100_v4_n9_mxnet/unet3d/result_33.txt
INFO -  Compliance checks: training_2.0.0/common.yaml
INFO -  Compliance checks: training_2.0.0/closed_common.yaml
INFO -  Compliance checks: training_2.0.0/closed_unet3d.yaml
INFO - ------------------------------
INFO - Run 29/40
INFO - Running compliance on file: /mnt/resource_nvme/submissions_training_2.0/Azure/results/ND96amsr_A100_v4_n9_mxnet/unet3d/result_34.txt
INFO -  Compliance checks: training_2.0.0/common.yaml
INFO -  Compliance checks: training_2.0.0/closed_common.yaml
INFO -  Compliance checks: training_2.0.0/closed_unet3d.yaml
INFO - ------------------------------
INFO - Run 30/40
INFO - Running compliance on file: /mnt/resource_nvme/submissions_training_2.0/Azure/results/ND96amsr_A100_v4_n9_mxnet/unet3d/result_35.txt
INFO -  Compliance checks: training_2.0.0/common.yaml
INFO -  Compliance checks: training_2.0.0/closed_common.yaml
INFO -  Compliance checks: training_2.0.0/closed_unet3d.yaml
INFO - ------------------------------
INFO - Run 31/40
INFO - Running compliance on file: /mnt/resource_nvme/submissions_training_2.0/Azure/results/ND96amsr_A100_v4_n9_mxnet/unet3d/result_36.txt
INFO -  Compliance checks: training_2.0.0/common.yaml
INFO -  Compliance checks: training_2.0.0/closed_common.yaml
INFO -  Compliance checks: training_2.0.0/closed_unet3d.yaml
INFO - ------------------------------
INFO - Run 32/40
INFO - Running compliance on file: /mnt/resource_nvme/submissions_training_2.0/Azure/results/ND96amsr_A100_v4_n9_mxnet/unet3d/result_37.txt
INFO -  Compliance checks: training_2.0.0/common.yaml
INFO -  Compliance checks: training_2.0.0/closed_common.yaml
INFO -  Compliance checks: training_2.0.0/closed_unet3d.yaml
INFO - ------------------------------
INFO - Run 33/40
INFO - Running compliance on file: /mnt/resource_nvme/submissions_training_2.0/Azure/results/ND96amsr_A100_v4_n9_mxnet/unet3d/result_38.txt
INFO -  Compliance checks: training_2.0.0/common.yaml
INFO -  Compliance checks: training_2.0.0/closed_common.yaml
INFO -  Compliance checks: training_2.0.0/closed_unet3d.yaml
INFO - ------------------------------
INFO - Run 34/40
INFO - Running compliance on file: /mnt/resource_nvme/submissions_training_2.0/Azure/results/ND96amsr_A100_v4_n9_mxnet/unet3d/result_39.txt
INFO -  Compliance checks: training_2.0.0/common.yaml
INFO -  Compliance checks: training_2.0.0/closed_common.yaml
INFO -  Compliance checks: training_2.0.0/closed_unet3d.yaml
INFO - ------------------------------
INFO - Run 35/40
INFO - Running compliance on file: /mnt/resource_nvme/submissions_training_2.0/Azure/results/ND96amsr_A100_v4_n9_mxnet/unet3d/result_4.txt
INFO -  Compliance checks: training_2.0.0/common.yaml
INFO -  Compliance checks: training_2.0.0/closed_common.yaml
INFO -  Compliance checks: training_2.0.0/closed_unet3d.yaml
INFO - ------------------------------
INFO - Run 36/40
INFO - Running compliance on file: /mnt/resource_nvme/submissions_training_2.0/Azure/results/ND96amsr_A100_v4_n9_mxnet/unet3d/result_5.txt
INFO -  Compliance checks: training_2.0.0/common.yaml
INFO -  Compliance checks: training_2.0.0/closed_common.yaml
INFO -  Compliance checks: training_2.0.0/closed_unet3d.yaml
INFO - ------------------------------
INFO - Run 37/40
INFO - Running compliance on file: /mnt/resource_nvme/submissions_training_2.0/Azure/results/ND96amsr_A100_v4_n9_mxnet/unet3d/result_6.txt
INFO -  Compliance checks: training_2.0.0/common.yaml
INFO -  Compliance checks: training_2.0.0/closed_common.yaml
INFO -  Compliance checks: training_2.0.0/closed_unet3d.yaml
INFO - ------------------------------
INFO - Run 38/40
INFO - Running compliance on file: /mnt/resource_nvme/submissions_training_2.0/Azure/results/ND96amsr_A100_v4_n9_mxnet/unet3d/result_7.txt
INFO -  Compliance checks: training_2.0.0/common.yaml
INFO -  Compliance checks: training_2.0.0/closed_common.yaml
INFO -  Compliance checks: training_2.0.0/closed_unet3d.yaml
INFO - ------------------------------
INFO - Run 39/40
INFO - Running compliance on file: /mnt/resource_nvme/submissions_training_2.0/Azure/results/ND96amsr_A100_v4_n9_mxnet/unet3d/result_8.txt
INFO -  Compliance checks: training_2.0.0/common.yaml
INFO -  Compliance checks: training_2.0.0/closed_common.yaml
INFO -  Compliance checks: training_2.0.0/closed_unet3d.yaml
INFO - ------------------------------
INFO - Run 40/40
INFO - Running compliance on file: /mnt/resource_nvme/submissions_training_2.0/Azure/results/ND96amsr_A100_v4_n9_mxnet/unet3d/result_9.txt
INFO -  Compliance checks: training_2.0.0/common.yaml
INFO -  Compliance checks: training_2.0.0/closed_common.yaml
INFO -  Compliance checks: training_2.0.0/closed_unet3d.yaml
INFO - ------------------------------
INFO -  Running Seed Checker
INFO - ------------------------------
INFO -  Running RCP Checker, pass: pruned_rcps
INFO - ------------------------------
INFO -  RCP Record: {'Benchmark': 'unet3d', 'BS': 80, 'Hyperparams': {'opt_base_learning_rate': 1.5, 'opt_momentum': 0.9, 'opt_learning_rate_warmup_epochs': 1000, 'opt_initial_learning_rate': 0.0001, 'opt_learning_rate_decay_boundary_epochs': [], 'opt_learning_rate_decay_factor': 1.0, 'opt_weight_decay': 0.0}, 'Epochs to converge': [1148, 1148, 1162, 1176, 1260, 1274, 1288, 1288, 1302, 1302, 1330, 1330, 1344, 1344, 1344, 1372, 1372, 1372, 1386, 1400, 1400, 1400, 1414, 1428, 1428, 1442, 1442, 1456, 1470, 1470, 1484, 1484, 1484, 1498, 1498, 1512, 1512, 1540, 1540, 1540, 1540, 1540, 1582, 1582, 1582, 1582, 1596, 1680, 1680, 1694, 1694, 1708, 1708, 1708, 1736, 1764, 1792, 1792, 1806, 1820, 1834, 1848, 1862, 1862, 1862, 1876, 1918, 1918, 1960, 1988, 2002, 2002, 2002, 2016, 2086, 2100, 2226, 2226, 2450, 2492], 'RCP Mean': 1603.7777777777778, 'RCP Stdev': 231.29311743508387, 'Max Speedup': 1.050393870717319, 'Min Epochs': 1526.8346688681174}
INFO -  Submission mean epochs: 2098.1250
INFO - RCP Test Passed: RCP not found but slower convergence on smaller batch size
INFO - ------------------------------
INFO - ------------------------------
INFO -  Running compliance checks in dir /mnt/resource_nvme/submissions_training_2.0/Azure/results/ND96amsr_A100_v4_n8_pytorch/bert
INFO -  System ND96amsr_A100_v4_n8_pytorch
INFO -  Benchmark bert
INFO - ------------------------------
INFO - ------------------------------
INFO - Run 1/10
INFO - Running compliance on file: /mnt/resource_nvme/submissions_training_2.0/Azure/results/ND96amsr_A100_v4_n8_pytorch/bert/result_0.txt
INFO -  Compliance checks: training_2.0.0/common.yaml
INFO -  Compliance checks: training_2.0.0/closed_common.yaml
INFO -  Compliance checks: training_2.0.0/closed_bert.yaml
INFO - ------------------------------
INFO - Run 2/10
INFO - Running compliance on file: /mnt/resource_nvme/submissions_training_2.0/Azure/results/ND96amsr_A100_v4_n8_pytorch/bert/result_1.txt
INFO -  Compliance checks: training_2.0.0/common.yaml
INFO -  Compliance checks: training_2.0.0/closed_common.yaml
INFO -  Compliance checks: training_2.0.0/closed_bert.yaml
INFO - ------------------------------
INFO - Run 3/10
INFO - Running compliance on file: /mnt/resource_nvme/submissions_training_2.0/Azure/results/ND96amsr_A100_v4_n8_pytorch/bert/result_2.txt
INFO -  Compliance checks: training_2.0.0/common.yaml
INFO -  Compliance checks: training_2.0.0/closed_common.yaml
INFO -  Compliance checks: training_2.0.0/closed_bert.yaml
INFO - ------------------------------
INFO - Run 4/10
INFO - Running compliance on file: /mnt/resource_nvme/submissions_training_2.0/Azure/results/ND96amsr_A100_v4_n8_pytorch/bert/result_3.txt
INFO -  Compliance checks: training_2.0.0/common.yaml
INFO -  Compliance checks: training_2.0.0/closed_common.yaml
INFO -  Compliance checks: training_2.0.0/closed_bert.yaml
INFO - ------------------------------
INFO - Run 5/10
INFO - Running compliance on file: /mnt/resource_nvme/submissions_training_2.0/Azure/results/ND96amsr_A100_v4_n8_pytorch/bert/result_4.txt
INFO -  Compliance checks: training_2.0.0/common.yaml
INFO -  Compliance checks: training_2.0.0/closed_common.yaml
INFO -  Compliance checks: training_2.0.0/closed_bert.yaml
INFO - ------------------------------
INFO - Run 6/10
INFO - Running compliance on file: /mnt/resource_nvme/submissions_training_2.0/Azure/results/ND96amsr_A100_v4_n8_pytorch/bert/result_5.txt
INFO -  Compliance checks: training_2.0.0/common.yaml
INFO -  Compliance checks: training_2.0.0/closed_common.yaml
INFO -  Compliance checks: training_2.0.0/closed_bert.yaml
INFO - ------------------------------
INFO - Run 7/10
INFO - Running compliance on file: /mnt/resource_nvme/submissions_training_2.0/Azure/results/ND96amsr_A100_v4_n8_pytorch/bert/result_6.txt
INFO -  Compliance checks: training_2.0.0/common.yaml
INFO -  Compliance checks: training_2.0.0/closed_common.yaml
INFO -  Compliance checks: training_2.0.0/closed_bert.yaml
INFO - ------------------------------
INFO - Run 8/10
INFO - Running compliance on file: /mnt/resource_nvme/submissions_training_2.0/Azure/results/ND96amsr_A100_v4_n8_pytorch/bert/result_7.txt
INFO -  Compliance checks: training_2.0.0/common.yaml
INFO -  Compliance checks: training_2.0.0/closed_common.yaml
INFO -  Compliance checks: training_2.0.0/closed_bert.yaml
INFO - ------------------------------
INFO - Run 9/10
INFO - Running compliance on file: /mnt/resource_nvme/submissions_training_2.0/Azure/results/ND96amsr_A100_v4_n8_pytorch/bert/result_8.txt
INFO -  Compliance checks: training_2.0.0/common.yaml
INFO -  Compliance checks: training_2.0.0/closed_common.yaml
INFO -  Compliance checks: training_2.0.0/closed_bert.yaml
INFO - ------------------------------
INFO - Run 10/10
INFO - Running compliance on file: /mnt/resource_nvme/submissions_training_2.0/Azure/results/ND96amsr_A100_v4_n8_pytorch/bert/result_9.txt
INFO -  Compliance checks: training_2.0.0/common.yaml
INFO -  Compliance checks: training_2.0.0/closed_common.yaml
INFO -  Compliance checks: training_2.0.0/closed_bert.yaml
INFO - ------------------------------
INFO -  Running Seed Checker
INFO - ------------------------------
INFO -  Running RCP Checker, pass: pruned_rcps
INFO - ------------------------------
INFO -  RCP Record: {'Benchmark': 'bert', 'BS': 3072, 'Hyperparams': {'opt_base_learning_rate': 0.002, 'opt_epsilon': 1e-06, 'opt_learning_rate_training_steps': 1141, 'num_warmup_steps': 100, 'start_warmup_step': 0, 'opt_lamb_beta_1': 0.66, 'opt_lamb_beta_2': 0.998, 'opt_lamb_weight_decay_rate': 0.01, 'gradient_accumulation_steps': 96}, 'Epochs to converge': [2482176, 2580480, 2580480, 2605056, 2605056, 2654208, 2678784, 2678784, 2703360, 2727936, 2777088, 2801664, 2826240, 2850816, 2850816, 2875392, 2919120, 2973696, 3072000, 3121152], 'RCP Mean': 2764498.6666666665, 'RCP Stdev': 138500.15317761284, 'Max Speedup': 1.0377983055603728, 'Min Epochs': 2663811.1199978683}
INFO -  Submission mean epochs: 3129984.0000
INFO - RCP Test Passed: RCP found
INFO - ------------------------------
INFO - ------------------------------
INFO -  Running compliance checks in dir /mnt/resource_nvme/submissions_training_2.0/Azure/results/ND96amsr_A100_v4_n8_pytorch/ssd
INFO -  System ND96amsr_A100_v4_n8_pytorch
INFO -  Benchmark ssd
INFO - ------------------------------
INFO - ------------------------------
INFO - Run 1/5
INFO - Running compliance on file: /mnt/resource_nvme/submissions_training_2.0/Azure/results/ND96amsr_A100_v4_n8_pytorch/ssd/result_0.txt
INFO -  Compliance checks: training_2.0.0/common.yaml
INFO -  Compliance checks: training_2.0.0/closed_common.yaml
INFO -  Compliance checks: training_2.0.0/closed_ssd.yaml
INFO - ------------------------------
INFO - Run 2/5
INFO - Running compliance on file: /mnt/resource_nvme/submissions_training_2.0/Azure/results/ND96amsr_A100_v4_n8_pytorch/ssd/result_1.txt
INFO -  Compliance checks: training_2.0.0/common.yaml
INFO -  Compliance checks: training_2.0.0/closed_common.yaml
INFO -  Compliance checks: training_2.0.0/closed_ssd.yaml
INFO - ------------------------------
INFO - Run 3/5
INFO - Running compliance on file: /mnt/resource_nvme/submissions_training_2.0/Azure/results/ND96amsr_A100_v4_n8_pytorch/ssd/result_2.txt
INFO -  Compliance checks: training_2.0.0/common.yaml
INFO -  Compliance checks: training_2.0.0/closed_common.yaml
INFO -  Compliance checks: training_2.0.0/closed_ssd.yaml
INFO - ------------------------------
INFO - Run 4/5
INFO - Running compliance on file: /mnt/resource_nvme/submissions_training_2.0/Azure/results/ND96amsr_A100_v4_n8_pytorch/ssd/result_3.txt
INFO -  Compliance checks: training_2.0.0/common.yaml
INFO -  Compliance checks: training_2.0.0/closed_common.yaml
INFO -  Compliance checks: training_2.0.0/closed_ssd.yaml
INFO - ------------------------------
INFO - Run 5/5
INFO - Running compliance on file: /mnt/resource_nvme/submissions_training_2.0/Azure/results/ND96amsr_A100_v4_n8_pytorch/ssd/result_4.txt
INFO -  Compliance checks: training_2.0.0/common.yaml
INFO -  Compliance checks: training_2.0.0/closed_common.yaml
INFO -  Compliance checks: training_2.0.0/closed_ssd.yaml
INFO - ------------------------------
INFO -  Running Seed Checker
INFO - ------------------------------
INFO -  Running RCP Checker, pass: pruned_rcps
INFO - ------------------------------
INFO -  RCP Record: {'Benchmark': 'ssd', 'BS': 256, 'Hyperparams': {'opt_base_learning_rate': 0.0001, 'opt_learning_rate_warmup_factor': 0.001, 'opt_learning_rate_warmup_epochs': 1, 'opt_weight_decay': 0}, 'Epochs to converge': [4, 4, 4, 4, 4, 4, 4, 4, 4, 4, 4, 4, 4, 4, 4, 4, 4, 4, 4, 4], 'RCP Mean': 4.0, 'RCP Stdev': 0.0, 'Max Speedup': 1.0, 'Min Epochs': 4.0}
INFO -  Submission mean epochs: 4.0000
INFO - RCP Test Passed: RCP found
INFO - ------------------------------
INFO - ------------------------------
INFO -  Running compliance checks in dir /mnt/resource_nvme/submissions_training_2.0/Azure/results/ND96amsr_A100_v4_n8_mxnet/resnet
INFO -  System ND96amsr_A100_v4_n8_mxnet
INFO -  Benchmark resnet
INFO - ------------------------------
INFO - ------------------------------
INFO - Run 1/5
INFO - Running compliance on file: /mnt/resource_nvme/submissions_training_2.0/Azure/results/ND96amsr_A100_v4_n8_mxnet/resnet/result_0.txt
INFO -  Compliance checks: training_2.0.0/common.yaml
INFO -  Compliance checks: training_2.0.0/closed_common.yaml
INFO -  Compliance checks: training_2.0.0/closed_resnet.yaml
INFO -  Compliance checks: training_2.0.0/closed_resnet_lars.yaml
INFO - ------------------------------
INFO - Run 2/5
INFO - Running compliance on file: /mnt/resource_nvme/submissions_training_2.0/Azure/results/ND96amsr_A100_v4_n8_mxnet/resnet/result_1.txt
INFO -  Compliance checks: training_2.0.0/common.yaml
INFO -  Compliance checks: training_2.0.0/closed_common.yaml
INFO -  Compliance checks: training_2.0.0/closed_resnet.yaml
INFO -  Compliance checks: training_2.0.0/closed_resnet_lars.yaml
INFO - ------------------------------
INFO - Run 3/5
INFO - Running compliance on file: /mnt/resource_nvme/submissions_training_2.0/Azure/results/ND96amsr_A100_v4_n8_mxnet/resnet/result_2.txt
INFO -  Compliance checks: training_2.0.0/common.yaml
INFO -  Compliance checks: training_2.0.0/closed_common.yaml
INFO -  Compliance checks: training_2.0.0/closed_resnet.yaml
INFO -  Compliance checks: training_2.0.0/closed_resnet_lars.yaml
INFO - ------------------------------
INFO - Run 4/5
INFO - Running compliance on file: /mnt/resource_nvme/submissions_training_2.0/Azure/results/ND96amsr_A100_v4_n8_mxnet/resnet/result_3.txt
INFO -  Compliance checks: training_2.0.0/common.yaml
INFO -  Compliance checks: training_2.0.0/closed_common.yaml
INFO -  Compliance checks: training_2.0.0/closed_resnet.yaml
INFO -  Compliance checks: training_2.0.0/closed_resnet_lars.yaml
INFO - ------------------------------
INFO - Run 5/5
INFO - Running compliance on file: /mnt/resource_nvme/submissions_training_2.0/Azure/results/ND96amsr_A100_v4_n8_mxnet/resnet/result_4.txt
INFO -  Compliance checks: training_2.0.0/common.yaml
INFO -  Compliance checks: training_2.0.0/closed_common.yaml
INFO -  Compliance checks: training_2.0.0/closed_resnet.yaml
INFO -  Compliance checks: training_2.0.0/closed_resnet_lars.yaml
INFO - ------------------------------
INFO -  Running Seed Checker
INFO - ------------------------------
INFO -  Running RCP Checker, pass: pruned_rcps
INFO - ------------------------------
INFO -  RCP Record: {'Benchmark': 'resnet', 'BS': 3264, 'Hyperparams': {'optimizer': 'lars', 'opt_base_learning_rate': 10.5, 'opt_learning_rate_warmup_epochs': 2, 'opt_momentum': 0.9, 'opt_weight_decay': 5e-05, 'opt_learning_rate_decay_steps': 14523, 'model_bn_span': 204}, 'Epochs to converge': [34, 34, 35, 35, 35, 35, 35, 35, 35, 35, 35, 36, 36, 36, 37], 'RCP Mean': 35.15384615384615, 'RCP Stdev': 0.532938710021193, 'Max Speedup': 1.017399817395548, 'Min Epochs': 34.55263658670279}
INFO -  Submission mean epochs: 35.0000
INFO - RCP Test Passed: RCP found
INFO - ------------------------------
INFO - ------------------------------
INFO -  Running compliance checks in dir /mnt/resource_nvme/submissions_training_2.0/Azure/results/ND96amsr_A100_v4_n4_pytorch/maskrcnn
INFO -  System ND96amsr_A100_v4_n4_pytorch
INFO -  Benchmark maskrcnn
INFO - ------------------------------
INFO - ------------------------------
INFO - Run 1/5
INFO - Running compliance on file: /mnt/resource_nvme/submissions_training_2.0/Azure/results/ND96amsr_A100_v4_n4_pytorch/maskrcnn/result_0.txt
INFO -  Compliance checks: training_2.0.0/common.yaml
INFO -  Compliance checks: training_2.0.0/closed_common.yaml
INFO -  Compliance checks: training_2.0.0/closed_maskrcnn.yaml
INFO - ------------------------------
INFO - Run 2/5
INFO - Running compliance on file: /mnt/resource_nvme/submissions_training_2.0/Azure/results/ND96amsr_A100_v4_n4_pytorch/maskrcnn/result_1.txt
INFO -  Compliance checks: training_2.0.0/common.yaml
INFO -  Compliance checks: training_2.0.0/closed_common.yaml
INFO -  Compliance checks: training_2.0.0/closed_maskrcnn.yaml
INFO - ------------------------------
INFO - Run 3/5
INFO - Running compliance on file: /mnt/resource_nvme/submissions_training_2.0/Azure/results/ND96amsr_A100_v4_n4_pytorch/maskrcnn/result_2.txt
INFO -  Compliance checks: training_2.0.0/common.yaml
INFO -  Compliance checks: training_2.0.0/closed_common.yaml
INFO -  Compliance checks: training_2.0.0/closed_maskrcnn.yaml
INFO - ------------------------------
INFO - Run 4/5
INFO - Running compliance on file: /mnt/resource_nvme/submissions_training_2.0/Azure/results/ND96amsr_A100_v4_n4_pytorch/maskrcnn/result_3.txt
INFO -  Compliance checks: training_2.0.0/common.yaml
INFO -  Compliance checks: training_2.0.0/closed_common.yaml
INFO -  Compliance checks: training_2.0.0/closed_maskrcnn.yaml
INFO - ------------------------------
INFO - Run 5/5
INFO - Running compliance on file: /mnt/resource_nvme/submissions_training_2.0/Azure/results/ND96amsr_A100_v4_n4_pytorch/maskrcnn/result_4.txt
INFO -  Compliance checks: training_2.0.0/common.yaml
INFO -  Compliance checks: training_2.0.0/closed_common.yaml
INFO -  Compliance checks: training_2.0.0/closed_maskrcnn.yaml
INFO - ------------------------------
INFO -  Running Seed Checker
INFO - ------------------------------
INFO -  Running RCP Checker, pass: pruned_rcps
INFO - ------------------------------
INFO -  RCP Record: {'Benchmark': 'maskrcnn', 'BS': 128, 'Hyperparams': {'opt_learning_decay_steps': [9000, 12000], 'opt_base_learning_rate': 0.16, 'num_image_candidates': 6000, 'opt_learning_rate_warmup_factor': 0.000256, 'opt_learning_rate_warmup_steps': 625}, 'Epochs to converge': [14, 14, 14, 14, 14, 14, 14, 14, 14, 14], 'RCP Mean': 14.0, 'RCP Stdev': 0.0, 'Max Speedup': 1.0, 'Min Epochs': 14.0}
INFO -  Submission mean epochs: 14.0000
INFO - RCP Test Passed: RCP found
INFO - ------------------------------
INFO - ------------------------------
INFO -  Running compliance checks in dir /mnt/resource_nvme/submissions_training_2.0/Azure/results/ND96amsr_A100_v4_n2_pytorch/ssd
INFO -  System ND96amsr_A100_v4_n2_pytorch
INFO -  Benchmark ssd
INFO - ------------------------------
INFO - ------------------------------
INFO - Run 1/5
INFO - Running compliance on file: /mnt/resource_nvme/submissions_training_2.0/Azure/results/ND96amsr_A100_v4_n2_pytorch/ssd/result_0.txt
INFO -  Compliance checks: training_2.0.0/common.yaml
INFO -  Compliance checks: training_2.0.0/closed_common.yaml
INFO -  Compliance checks: training_2.0.0/closed_ssd.yaml
INFO - ------------------------------
INFO - Run 2/5
INFO - Running compliance on file: /mnt/resource_nvme/submissions_training_2.0/Azure/results/ND96amsr_A100_v4_n2_pytorch/ssd/result_1.txt
INFO -  Compliance checks: training_2.0.0/common.yaml
INFO -  Compliance checks: training_2.0.0/closed_common.yaml
INFO -  Compliance checks: training_2.0.0/closed_ssd.yaml
INFO - ------------------------------
INFO - Run 3/5
INFO - Running compliance on file: /mnt/resource_nvme/submissions_training_2.0/Azure/results/ND96amsr_A100_v4_n2_pytorch/ssd/result_2.txt
INFO -  Compliance checks: training_2.0.0/common.yaml
INFO -  Compliance checks: training_2.0.0/closed_common.yaml
INFO -  Compliance checks: training_2.0.0/closed_ssd.yaml
INFO - ------------------------------
INFO - Run 4/5
INFO - Running compliance on file: /mnt/resource_nvme/submissions_training_2.0/Azure/results/ND96amsr_A100_v4_n2_pytorch/ssd/result_3.txt
INFO -  Compliance checks: training_2.0.0/common.yaml
INFO -  Compliance checks: training_2.0.0/closed_common.yaml
INFO -  Compliance checks: training_2.0.0/closed_ssd.yaml
INFO - ------------------------------
INFO - Run 5/5
INFO - Running compliance on file: /mnt/resource_nvme/submissions_training_2.0/Azure/results/ND96amsr_A100_v4_n2_pytorch/ssd/result_4.txt
INFO -  Compliance checks: training_2.0.0/common.yaml
INFO -  Compliance checks: training_2.0.0/closed_common.yaml
INFO -  Compliance checks: training_2.0.0/closed_ssd.yaml
INFO - ------------------------------
INFO -  Running Seed Checker
INFO - ------------------------------
INFO -  Running RCP Checker, pass: pruned_rcps
INFO - ------------------------------
INFO -  RCP Record: {'Benchmark': 'ssd', 'BS': 256, 'Hyperparams': {'opt_base_learning_rate': 0.0001, 'opt_learning_rate_warmup_factor': 0.001, 'opt_learning_rate_warmup_epochs': 1, 'opt_weight_decay': 0}, 'Epochs to converge': [4, 4, 4, 4, 4, 4, 4, 4, 4, 4, 4, 4, 4, 4, 4, 4, 4, 4, 4, 4], 'RCP Mean': 4.0, 'RCP Stdev': 0.0, 'Max Speedup': 1.0, 'Min Epochs': 4.0}
INFO -  Submission mean epochs: 4.0000
INFO - RCP Test Passed: RCP found
INFO - ------------------------------
INFO - ------------------------------
INFO -  Running compliance checks in dir /mnt/resource_nvme/submissions_training_2.0/Azure/results/ND96amsr_A100_v4_n16_pytorch/rnnt
INFO -  System ND96amsr_A100_v4_n16_pytorch
INFO -  Benchmark rnnt
INFO - ------------------------------
INFO - ------------------------------
INFO - Run 1/10
INFO - Running compliance on file: /mnt/resource_nvme/submissions_training_2.0/Azure/results/ND96amsr_A100_v4_n16_pytorch/rnnt/result_0.txt
INFO -  Compliance checks: training_2.0.0/common.yaml
INFO -  Compliance checks: training_2.0.0/closed_common.yaml
INFO -  Compliance checks: training_2.0.0/closed_rnnt.yaml
INFO - ------------------------------
INFO - Run 2/10
INFO - Running compliance on file: /mnt/resource_nvme/submissions_training_2.0/Azure/results/ND96amsr_A100_v4_n16_pytorch/rnnt/result_1.txt
INFO -  Compliance checks: training_2.0.0/common.yaml
INFO -  Compliance checks: training_2.0.0/closed_common.yaml
INFO -  Compliance checks: training_2.0.0/closed_rnnt.yaml
INFO - ------------------------------
INFO - Run 3/10
INFO - Running compliance on file: /mnt/resource_nvme/submissions_training_2.0/Azure/results/ND96amsr_A100_v4_n16_pytorch/rnnt/result_2.txt
INFO -  Compliance checks: training_2.0.0/common.yaml
INFO -  Compliance checks: training_2.0.0/closed_common.yaml
INFO -  Compliance checks: training_2.0.0/closed_rnnt.yaml
INFO - ------------------------------
INFO - Run 4/10
INFO - Running compliance on file: /mnt/resource_nvme/submissions_training_2.0/Azure/results/ND96amsr_A100_v4_n16_pytorch/rnnt/result_3.txt
INFO -  Compliance checks: training_2.0.0/common.yaml
INFO -  Compliance checks: training_2.0.0/closed_common.yaml
INFO -  Compliance checks: training_2.0.0/closed_rnnt.yaml
INFO - ------------------------------
INFO - Run 5/10
INFO - Running compliance on file: /mnt/resource_nvme/submissions_training_2.0/Azure/results/ND96amsr_A100_v4_n16_pytorch/rnnt/result_4.txt
INFO -  Compliance checks: training_2.0.0/common.yaml
INFO -  Compliance checks: training_2.0.0/closed_common.yaml
INFO -  Compliance checks: training_2.0.0/closed_rnnt.yaml
INFO - ------------------------------
INFO - Run 6/10
INFO - Running compliance on file: /mnt/resource_nvme/submissions_training_2.0/Azure/results/ND96amsr_A100_v4_n16_pytorch/rnnt/result_5.txt
INFO -  Compliance checks: training_2.0.0/common.yaml
INFO -  Compliance checks: training_2.0.0/closed_common.yaml
INFO -  Compliance checks: training_2.0.0/closed_rnnt.yaml
INFO - ------------------------------
INFO - Run 7/10
INFO - Running compliance on file: /mnt/resource_nvme/submissions_training_2.0/Azure/results/ND96amsr_A100_v4_n16_pytorch/rnnt/result_6.txt
INFO -  Compliance checks: training_2.0.0/common.yaml
INFO -  Compliance checks: training_2.0.0/closed_common.yaml
INFO -  Compliance checks: training_2.0.0/closed_rnnt.yaml
INFO - ------------------------------
INFO - Run 8/10
INFO - Running compliance on file: /mnt/resource_nvme/submissions_training_2.0/Azure/results/ND96amsr_A100_v4_n16_pytorch/rnnt/result_7.txt
INFO -  Compliance checks: training_2.0.0/common.yaml
INFO -  Compliance checks: training_2.0.0/closed_common.yaml
INFO -  Compliance checks: training_2.0.0/closed_rnnt.yaml
INFO - ------------------------------
INFO - Run 9/10
INFO - Running compliance on file: /mnt/resource_nvme/submissions_training_2.0/Azure/results/ND96amsr_A100_v4_n16_pytorch/rnnt/result_8.txt
INFO -  Compliance checks: training_2.0.0/common.yaml
INFO -  Compliance checks: training_2.0.0/closed_common.yaml
INFO -  Compliance checks: training_2.0.0/closed_rnnt.yaml
INFO - ------------------------------
INFO - Run 10/10
INFO - Running compliance on file: /mnt/resource_nvme/submissions_training_2.0/Azure/results/ND96amsr_A100_v4_n16_pytorch/rnnt/result_9.txt
INFO -  Compliance checks: training_2.0.0/common.yaml
INFO -  Compliance checks: training_2.0.0/closed_common.yaml
INFO -  Compliance checks: training_2.0.0/closed_rnnt.yaml
INFO - ------------------------------
INFO -  Running Seed Checker
INFO - ------------------------------
INFO -  Running RCP Checker, pass: pruned_rcps
INFO - ------------------------------
INFO -  RCP Record: {'Benchmark': 'rnnt', 'BS': 2048, 'Hyperparams': {}, 'Epochs to converge': [], 'RCP Mean': 54.07407407407407, 'RCP Stdev': 1.8370254059872677, 'Max Speedup': 1.0248421920943824, 'Min Epochs': 52.76331760265207}
INFO -  Submission mean epochs: 57.1250
INFO - RCP Test Passed: RCP Interpolation
INFO - ------------------------------
INFO - ------------------------------
INFO -  Running compliance checks in dir /mnt/resource_nvme/submissions_training_2.0/Azure/results/ND96amsr_A100_v4_n1_merlin_hugectr/dlrm
INFO -  System ND96amsr_A100_v4_n1_merlin_hugectr
INFO -  Benchmark dlrm
INFO - ------------------------------
INFO - ------------------------------
INFO - Run 1/5
INFO - Running compliance on file: /mnt/resource_nvme/submissions_training_2.0/Azure/results/ND96amsr_A100_v4_n1_merlin_hugectr/dlrm/result_0.txt
INFO -  Compliance checks: training_2.0.0/common.yaml
INFO -  Compliance checks: training_2.0.0/closed_common.yaml
INFO -  Compliance checks: training_2.0.0/closed_dlrm.yaml
INFO - ------------------------------
INFO - Run 2/5
INFO - Running compliance on file: /mnt/resource_nvme/submissions_training_2.0/Azure/results/ND96amsr_A100_v4_n1_merlin_hugectr/dlrm/result_1.txt
INFO -  Compliance checks: training_2.0.0/common.yaml
INFO -  Compliance checks: training_2.0.0/closed_common.yaml
INFO -  Compliance checks: training_2.0.0/closed_dlrm.yaml
INFO - ------------------------------
INFO - Run 3/5
INFO - Running compliance on file: /mnt/resource_nvme/submissions_training_2.0/Azure/results/ND96amsr_A100_v4_n1_merlin_hugectr/dlrm/result_2.txt
INFO -  Compliance checks: training_2.0.0/common.yaml
INFO -  Compliance checks: training_2.0.0/closed_common.yaml
INFO -  Compliance checks: training_2.0.0/closed_dlrm.yaml
INFO - ------------------------------
INFO - Run 4/5
INFO - Running compliance on file: /mnt/resource_nvme/submissions_training_2.0/Azure/results/ND96amsr_A100_v4_n1_merlin_hugectr/dlrm/result_3.txt
INFO -  Compliance checks: training_2.0.0/common.yaml
INFO -  Compliance checks: training_2.0.0/closed_common.yaml
INFO -  Compliance checks: training_2.0.0/closed_dlrm.yaml
INFO - ------------------------------
INFO - Run 5/5
INFO - Running compliance on file: /mnt/resource_nvme/submissions_training_2.0/Azure/results/ND96amsr_A100_v4_n1_merlin_hugectr/dlrm/result_4.txt
INFO -  Compliance checks: training_2.0.0/common.yaml
INFO -  Compliance checks: training_2.0.0/closed_common.yaml
INFO -  Compliance checks: training_2.0.0/closed_dlrm.yaml
INFO - ------------------------------
INFO -  Running Seed Checker
INFO - ------------------------------
INFO -  Running RCP Checker, pass: pruned_rcps
INFO - ------------------------------
INFO -  RCP Record: {'Benchmark': 'dlrm', 'BS': 55296, 'Hyperparams': {}, 'Epochs to converge': [], 'RCP Mean': 1.8973684210526316, 'RCP Stdev': 0.006962503450169981, 'Max Speedup': 1.0043677491532697, 'Min Epochs': 1.8891172308670847}
INFO -  Submission mean epochs: 1.9000
INFO - RCP Test Passed: RCP Interpolation
INFO - ------------------------------
INFO - ------------------------------
INFO -  Running compliance checks in dir /mnt/resource_nvme/submissions_training_2.0/Azure/results/ND96amsr_A100_v4_n1_mxnet/resnet
INFO -  System ND96amsr_A100_v4_n1_mxnet
INFO -  Benchmark resnet
INFO - ------------------------------
INFO - ------------------------------
INFO - Run 1/5
INFO - Running compliance on file: /mnt/resource_nvme/submissions_training_2.0/Azure/results/ND96amsr_A100_v4_n1_mxnet/resnet/result_0.txt
INFO -  Compliance checks: training_2.0.0/common.yaml
INFO -  Compliance checks: training_2.0.0/closed_common.yaml
INFO -  Compliance checks: training_2.0.0/closed_resnet.yaml
INFO -  Compliance checks: training_2.0.0/closed_resnet_lars.yaml
INFO - ------------------------------
INFO - Run 2/5
INFO - Running compliance on file: /mnt/resource_nvme/submissions_training_2.0/Azure/results/ND96amsr_A100_v4_n1_mxnet/resnet/result_1.txt
INFO -  Compliance checks: training_2.0.0/common.yaml
INFO -  Compliance checks: training_2.0.0/closed_common.yaml
INFO -  Compliance checks: training_2.0.0/closed_resnet.yaml
INFO -  Compliance checks: training_2.0.0/closed_resnet_lars.yaml
INFO - ------------------------------
INFO - Run 3/5
INFO - Running compliance on file: /mnt/resource_nvme/submissions_training_2.0/Azure/results/ND96amsr_A100_v4_n1_mxnet/resnet/result_2.txt
INFO -  Compliance checks: training_2.0.0/common.yaml
INFO -  Compliance checks: training_2.0.0/closed_common.yaml
INFO -  Compliance checks: training_2.0.0/closed_resnet.yaml
INFO -  Compliance checks: training_2.0.0/closed_resnet_lars.yaml
INFO - ------------------------------
INFO - Run 4/5
INFO - Running compliance on file: /mnt/resource_nvme/submissions_training_2.0/Azure/results/ND96amsr_A100_v4_n1_mxnet/resnet/result_3.txt
INFO -  Compliance checks: training_2.0.0/common.yaml
INFO -  Compliance checks: training_2.0.0/closed_common.yaml
INFO -  Compliance checks: training_2.0.0/closed_resnet.yaml
INFO -  Compliance checks: training_2.0.0/closed_resnet_lars.yaml
INFO - ------------------------------
INFO - Run 5/5
INFO - Running compliance on file: /mnt/resource_nvme/submissions_training_2.0/Azure/results/ND96amsr_A100_v4_n1_mxnet/resnet/result_4.txt
INFO -  Compliance checks: training_2.0.0/common.yaml
INFO -  Compliance checks: training_2.0.0/closed_common.yaml
INFO -  Compliance checks: training_2.0.0/closed_resnet.yaml
INFO -  Compliance checks: training_2.0.0/closed_resnet_lars.yaml
INFO - ------------------------------
INFO -  Running Seed Checker
INFO - ------------------------------
INFO -  Running RCP Checker, pass: pruned_rcps
INFO - ------------------------------
INFO -  RCP Record: {'Benchmark': 'resnet', 'BS': 3264, 'Hyperparams': {'optimizer': 'lars', 'opt_base_learning_rate': 10.5, 'opt_learning_rate_warmup_epochs': 2, 'opt_momentum': 0.9, 'opt_weight_decay': 5e-05, 'opt_learning_rate_decay_steps': 14523, 'model_bn_span': 204}, 'Epochs to converge': [34, 34, 35, 35, 35, 35, 35, 35, 35, 35, 35, 36, 36, 36, 37], 'RCP Mean': 35.15384615384615, 'RCP Stdev': 0.532938710021193, 'Max Speedup': 1.017399817395548, 'Min Epochs': 34.55263658670279}
INFO -  Submission mean epochs: 35.0000
INFO - RCP Test Passed: RCP found
INFO - ------------------------------
INFO - ------------------------------
INFO -  Running compliance checks in dir /mnt/resource_nvme/submissions_training_2.0/Azure/results/ND96amsr_A100_v4_n1_mxnet/unet3d
INFO -  System ND96amsr_A100_v4_n1_mxnet
INFO -  Benchmark unet3d
INFO - ------------------------------
INFO - ------------------------------
INFO - Run 1/40
INFO - Running compliance on file: /mnt/resource_nvme/submissions_training_2.0/Azure/results/ND96amsr_A100_v4_n1_mxnet/unet3d/result_0.txt
INFO -  Compliance checks: training_2.0.0/common.yaml
INFO -  Compliance checks: training_2.0.0/closed_common.yaml
INFO -  Compliance checks: training_2.0.0/closed_unet3d.yaml
INFO - ------------------------------
INFO - Run 2/40
INFO - Running compliance on file: /mnt/resource_nvme/submissions_training_2.0/Azure/results/ND96amsr_A100_v4_n1_mxnet/unet3d/result_1.txt
INFO -  Compliance checks: training_2.0.0/common.yaml
INFO -  Compliance checks: training_2.0.0/closed_common.yaml
INFO -  Compliance checks: training_2.0.0/closed_unet3d.yaml
INFO - ------------------------------
INFO - Run 3/40
INFO - Running compliance on file: /mnt/resource_nvme/submissions_training_2.0/Azure/results/ND96amsr_A100_v4_n1_mxnet/unet3d/result_10.txt
INFO -  Compliance checks: training_2.0.0/common.yaml
INFO -  Compliance checks: training_2.0.0/closed_common.yaml
INFO -  Compliance checks: training_2.0.0/closed_unet3d.yaml
INFO - ------------------------------
INFO - Run 4/40
INFO - Running compliance on file: /mnt/resource_nvme/submissions_training_2.0/Azure/results/ND96amsr_A100_v4_n1_mxnet/unet3d/result_11.txt
INFO -  Compliance checks: training_2.0.0/common.yaml
INFO -  Compliance checks: training_2.0.0/closed_common.yaml
INFO -  Compliance checks: training_2.0.0/closed_unet3d.yaml
INFO - ------------------------------
INFO - Run 5/40
INFO - Running compliance on file: /mnt/resource_nvme/submissions_training_2.0/Azure/results/ND96amsr_A100_v4_n1_mxnet/unet3d/result_12.txt
INFO -  Compliance checks: training_2.0.0/common.yaml
INFO -  Compliance checks: training_2.0.0/closed_common.yaml
INFO -  Compliance checks: training_2.0.0/closed_unet3d.yaml
INFO - ------------------------------
INFO - Run 6/40
INFO - Running compliance on file: /mnt/resource_nvme/submissions_training_2.0/Azure/results/ND96amsr_A100_v4_n1_mxnet/unet3d/result_13.txt
INFO -  Compliance checks: training_2.0.0/common.yaml
INFO -  Compliance checks: training_2.0.0/closed_common.yaml
INFO -  Compliance checks: training_2.0.0/closed_unet3d.yaml
INFO - ------------------------------
INFO - Run 7/40
INFO - Running compliance on file: /mnt/resource_nvme/submissions_training_2.0/Azure/results/ND96amsr_A100_v4_n1_mxnet/unet3d/result_14.txt
INFO -  Compliance checks: training_2.0.0/common.yaml
INFO -  Compliance checks: training_2.0.0/closed_common.yaml
INFO -  Compliance checks: training_2.0.0/closed_unet3d.yaml
INFO - ------------------------------
INFO - Run 8/40
INFO - Running compliance on file: /mnt/resource_nvme/submissions_training_2.0/Azure/results/ND96amsr_A100_v4_n1_mxnet/unet3d/result_15.txt
INFO -  Compliance checks: training_2.0.0/common.yaml
INFO -  Compliance checks: training_2.0.0/closed_common.yaml
INFO -  Compliance checks: training_2.0.0/closed_unet3d.yaml
INFO - ------------------------------
INFO - Run 9/40
INFO - Running compliance on file: /mnt/resource_nvme/submissions_training_2.0/Azure/results/ND96amsr_A100_v4_n1_mxnet/unet3d/result_16.txt
INFO -  Compliance checks: training_2.0.0/common.yaml
INFO -  Compliance checks: training_2.0.0/closed_common.yaml
INFO -  Compliance checks: training_2.0.0/closed_unet3d.yaml
INFO - ------------------------------
INFO - Run 10/40
INFO - Running compliance on file: /mnt/resource_nvme/submissions_training_2.0/Azure/results/ND96amsr_A100_v4_n1_mxnet/unet3d/result_17.txt
INFO -  Compliance checks: training_2.0.0/common.yaml
INFO -  Compliance checks: training_2.0.0/closed_common.yaml
INFO -  Compliance checks: training_2.0.0/closed_unet3d.yaml
INFO - ------------------------------
INFO - Run 11/40
INFO - Running compliance on file: /mnt/resource_nvme/submissions_training_2.0/Azure/results/ND96amsr_A100_v4_n1_mxnet/unet3d/result_18.txt
INFO -  Compliance checks: training_2.0.0/common.yaml
INFO -  Compliance checks: training_2.0.0/closed_common.yaml
INFO -  Compliance checks: training_2.0.0/closed_unet3d.yaml
INFO - ------------------------------
INFO - Run 12/40
INFO - Running compliance on file: /mnt/resource_nvme/submissions_training_2.0/Azure/results/ND96amsr_A100_v4_n1_mxnet/unet3d/result_19.txt
INFO -  Compliance checks: training_2.0.0/common.yaml
INFO -  Compliance checks: training_2.0.0/closed_common.yaml
INFO -  Compliance checks: training_2.0.0/closed_unet3d.yaml
INFO - ------------------------------
INFO - Run 13/40
INFO - Running compliance on file: /mnt/resource_nvme/submissions_training_2.0/Azure/results/ND96amsr_A100_v4_n1_mxnet/unet3d/result_2.txt
INFO -  Compliance checks: training_2.0.0/common.yaml
INFO -  Compliance checks: training_2.0.0/closed_common.yaml
INFO -  Compliance checks: training_2.0.0/closed_unet3d.yaml
INFO - ------------------------------
INFO - Run 14/40
INFO - Running compliance on file: /mnt/resource_nvme/submissions_training_2.0/Azure/results/ND96amsr_A100_v4_n1_mxnet/unet3d/result_20.txt
INFO -  Compliance checks: training_2.0.0/common.yaml
INFO -  Compliance checks: training_2.0.0/closed_common.yaml
INFO -  Compliance checks: training_2.0.0/closed_unet3d.yaml
INFO - ------------------------------
INFO - Run 15/40
INFO - Running compliance on file: /mnt/resource_nvme/submissions_training_2.0/Azure/results/ND96amsr_A100_v4_n1_mxnet/unet3d/result_21.txt
INFO -  Compliance checks: training_2.0.0/common.yaml
INFO -  Compliance checks: training_2.0.0/closed_common.yaml
INFO -  Compliance checks: training_2.0.0/closed_unet3d.yaml
INFO - ------------------------------
INFO - Run 16/40
INFO - Running compliance on file: /mnt/resource_nvme/submissions_training_2.0/Azure/results/ND96amsr_A100_v4_n1_mxnet/unet3d/result_22.txt
INFO -  Compliance checks: training_2.0.0/common.yaml
INFO -  Compliance checks: training_2.0.0/closed_common.yaml
INFO -  Compliance checks: training_2.0.0/closed_unet3d.yaml
INFO - ------------------------------
INFO - Run 17/40
INFO - Running compliance on file: /mnt/resource_nvme/submissions_training_2.0/Azure/results/ND96amsr_A100_v4_n1_mxnet/unet3d/result_23.txt
INFO -  Compliance checks: training_2.0.0/common.yaml
INFO -  Compliance checks: training_2.0.0/closed_common.yaml
INFO -  Compliance checks: training_2.0.0/closed_unet3d.yaml
INFO - ------------------------------
INFO - Run 18/40
INFO - Running compliance on file: /mnt/resource_nvme/submissions_training_2.0/Azure/results/ND96amsr_A100_v4_n1_mxnet/unet3d/result_24.txt
INFO -  Compliance checks: training_2.0.0/common.yaml
INFO -  Compliance checks: training_2.0.0/closed_common.yaml
INFO -  Compliance checks: training_2.0.0/closed_unet3d.yaml
INFO - ------------------------------
INFO - Run 19/40
INFO - Running compliance on file: /mnt/resource_nvme/submissions_training_2.0/Azure/results/ND96amsr_A100_v4_n1_mxnet/unet3d/result_25.txt
INFO -  Compliance checks: training_2.0.0/common.yaml
INFO -  Compliance checks: training_2.0.0/closed_common.yaml
INFO -  Compliance checks: training_2.0.0/closed_unet3d.yaml
INFO - ------------------------------
INFO - Run 20/40
INFO - Running compliance on file: /mnt/resource_nvme/submissions_training_2.0/Azure/results/ND96amsr_A100_v4_n1_mxnet/unet3d/result_26.txt
INFO -  Compliance checks: training_2.0.0/common.yaml
INFO -  Compliance checks: training_2.0.0/closed_common.yaml
INFO -  Compliance checks: training_2.0.0/closed_unet3d.yaml
INFO - ------------------------------
INFO - Run 21/40
INFO - Running compliance on file: /mnt/resource_nvme/submissions_training_2.0/Azure/results/ND96amsr_A100_v4_n1_mxnet/unet3d/result_27.txt
INFO -  Compliance checks: training_2.0.0/common.yaml
INFO -  Compliance checks: training_2.0.0/closed_common.yaml
INFO -  Compliance checks: training_2.0.0/closed_unet3d.yaml
INFO - ------------------------------
INFO - Run 22/40
INFO - Running compliance on file: /mnt/resource_nvme/submissions_training_2.0/Azure/results/ND96amsr_A100_v4_n1_mxnet/unet3d/result_28.txt
INFO -  Compliance checks: training_2.0.0/common.yaml
INFO -  Compliance checks: training_2.0.0/closed_common.yaml
INFO -  Compliance checks: training_2.0.0/closed_unet3d.yaml
INFO - ------------------------------
INFO - Run 23/40
INFO - Running compliance on file: /mnt/resource_nvme/submissions_training_2.0/Azure/results/ND96amsr_A100_v4_n1_mxnet/unet3d/result_29.txt
INFO -  Compliance checks: training_2.0.0/common.yaml
INFO -  Compliance checks: training_2.0.0/closed_common.yaml
INFO -  Compliance checks: training_2.0.0/closed_unet3d.yaml
INFO - ------------------------------
INFO - Run 24/40
INFO - Running compliance on file: /mnt/resource_nvme/submissions_training_2.0/Azure/results/ND96amsr_A100_v4_n1_mxnet/unet3d/result_3.txt
INFO -  Compliance checks: training_2.0.0/common.yaml
INFO -  Compliance checks: training_2.0.0/closed_common.yaml
INFO -  Compliance checks: training_2.0.0/closed_unet3d.yaml
INFO - ------------------------------
INFO - Run 25/40
INFO - Running compliance on file: /mnt/resource_nvme/submissions_training_2.0/Azure/results/ND96amsr_A100_v4_n1_mxnet/unet3d/result_30.txt
INFO -  Compliance checks: training_2.0.0/common.yaml
INFO -  Compliance checks: training_2.0.0/closed_common.yaml
INFO -  Compliance checks: training_2.0.0/closed_unet3d.yaml
INFO - ------------------------------
INFO - Run 26/40
INFO - Running compliance on file: /mnt/resource_nvme/submissions_training_2.0/Azure/results/ND96amsr_A100_v4_n1_mxnet/unet3d/result_31.txt
INFO -  Compliance checks: training_2.0.0/common.yaml
INFO -  Compliance checks: training_2.0.0/closed_common.yaml
INFO -  Compliance checks: training_2.0.0/closed_unet3d.yaml
INFO - ------------------------------
INFO - Run 27/40
INFO - Running compliance on file: /mnt/resource_nvme/submissions_training_2.0/Azure/results/ND96amsr_A100_v4_n1_mxnet/unet3d/result_32.txt
INFO -  Compliance checks: training_2.0.0/common.yaml
INFO -  Compliance checks: training_2.0.0/closed_common.yaml
INFO -  Compliance checks: training_2.0.0/closed_unet3d.yaml
INFO - ------------------------------
INFO - Run 28/40
INFO - Running compliance on file: /mnt/resource_nvme/submissions_training_2.0/Azure/results/ND96amsr_A100_v4_n1_mxnet/unet3d/result_33.txt
INFO -  Compliance checks: training_2.0.0/common.yaml
INFO -  Compliance checks: training_2.0.0/closed_common.yaml
INFO -  Compliance checks: training_2.0.0/closed_unet3d.yaml
INFO - ------------------------------
INFO - Run 29/40
INFO - Running compliance on file: /mnt/resource_nvme/submissions_training_2.0/Azure/results/ND96amsr_A100_v4_n1_mxnet/unet3d/result_34.txt
INFO -  Compliance checks: training_2.0.0/common.yaml
INFO -  Compliance checks: training_2.0.0/closed_common.yaml
INFO -  Compliance checks: training_2.0.0/closed_unet3d.yaml
INFO - ------------------------------
INFO - Run 30/40
INFO - Running compliance on file: /mnt/resource_nvme/submissions_training_2.0/Azure/results/ND96amsr_A100_v4_n1_mxnet/unet3d/result_35.txt
INFO -  Compliance checks: training_2.0.0/common.yaml
INFO -  Compliance checks: training_2.0.0/closed_common.yaml
INFO -  Compliance checks: training_2.0.0/closed_unet3d.yaml
INFO - ------------------------------
INFO - Run 31/40
INFO - Running compliance on file: /mnt/resource_nvme/submissions_training_2.0/Azure/results/ND96amsr_A100_v4_n1_mxnet/unet3d/result_36.txt
INFO -  Compliance checks: training_2.0.0/common.yaml
INFO -  Compliance checks: training_2.0.0/closed_common.yaml
INFO -  Compliance checks: training_2.0.0/closed_unet3d.yaml
INFO - ------------------------------
INFO - Run 32/40
INFO - Running compliance on file: /mnt/resource_nvme/submissions_training_2.0/Azure/results/ND96amsr_A100_v4_n1_mxnet/unet3d/result_37.txt
INFO -  Compliance checks: training_2.0.0/common.yaml
INFO -  Compliance checks: training_2.0.0/closed_common.yaml
INFO -  Compliance checks: training_2.0.0/closed_unet3d.yaml
INFO - ------------------------------
INFO - Run 33/40
INFO - Running compliance on file: /mnt/resource_nvme/submissions_training_2.0/Azure/results/ND96amsr_A100_v4_n1_mxnet/unet3d/result_38.txt
INFO -  Compliance checks: training_2.0.0/common.yaml
INFO -  Compliance checks: training_2.0.0/closed_common.yaml
INFO -  Compliance checks: training_2.0.0/closed_unet3d.yaml
INFO - ------------------------------
INFO - Run 34/40
INFO - Running compliance on file: /mnt/resource_nvme/submissions_training_2.0/Azure/results/ND96amsr_A100_v4_n1_mxnet/unet3d/result_39.txt
INFO -  Compliance checks: training_2.0.0/common.yaml
INFO -  Compliance checks: training_2.0.0/closed_common.yaml
INFO -  Compliance checks: training_2.0.0/closed_unet3d.yaml
INFO - ------------------------------
INFO - Run 35/40
INFO - Running compliance on file: /mnt/resource_nvme/submissions_training_2.0/Azure/results/ND96amsr_A100_v4_n1_mxnet/unet3d/result_4.txt
INFO -  Compliance checks: training_2.0.0/common.yaml
INFO -  Compliance checks: training_2.0.0/closed_common.yaml
INFO -  Compliance checks: training_2.0.0/closed_unet3d.yaml
INFO - ------------------------------
INFO - Run 36/40
INFO - Running compliance on file: /mnt/resource_nvme/submissions_training_2.0/Azure/results/ND96amsr_A100_v4_n1_mxnet/unet3d/result_5.txt
INFO -  Compliance checks: training_2.0.0/common.yaml
INFO -  Compliance checks: training_2.0.0/closed_common.yaml
INFO -  Compliance checks: training_2.0.0/closed_unet3d.yaml
INFO - ------------------------------
INFO - Run 37/40
INFO - Running compliance on file: /mnt/resource_nvme/submissions_training_2.0/Azure/results/ND96amsr_A100_v4_n1_mxnet/unet3d/result_6.txt
INFO -  Compliance checks: training_2.0.0/common.yaml
INFO -  Compliance checks: training_2.0.0/closed_common.yaml
INFO -  Compliance checks: training_2.0.0/closed_unet3d.yaml
INFO - ------------------------------
INFO - Run 38/40
INFO - Running compliance on file: /mnt/resource_nvme/submissions_training_2.0/Azure/results/ND96amsr_A100_v4_n1_mxnet/unet3d/result_7.txt
INFO -  Compliance checks: training_2.0.0/common.yaml
INFO -  Compliance checks: training_2.0.0/closed_common.yaml
INFO -  Compliance checks: training_2.0.0/closed_unet3d.yaml
INFO - ------------------------------
INFO - Run 39/40
INFO - Running compliance on file: /mnt/resource_nvme/submissions_training_2.0/Azure/results/ND96amsr_A100_v4_n1_mxnet/unet3d/result_8.txt
INFO -  Compliance checks: training_2.0.0/common.yaml
INFO -  Compliance checks: training_2.0.0/closed_common.yaml
INFO -  Compliance checks: training_2.0.0/closed_unet3d.yaml
INFO - ------------------------------
INFO - Run 40/40
INFO - Running compliance on file: /mnt/resource_nvme/submissions_training_2.0/Azure/results/ND96amsr_A100_v4_n1_mxnet/unet3d/result_9.txt
INFO -  Compliance checks: training_2.0.0/common.yaml
INFO -  Compliance checks: training_2.0.0/closed_common.yaml
INFO -  Compliance checks: training_2.0.0/closed_unet3d.yaml
INFO - ------------------------------
INFO -  Running Seed Checker
INFO - ------------------------------
INFO -  Running RCP Checker, pass: pruned_rcps
INFO - ------------------------------
INFO -  RCP Record: {'Benchmark': 'unet3d', 'BS': 80, 'Hyperparams': {'opt_base_learning_rate': 1.5, 'opt_momentum': 0.9, 'opt_learning_rate_warmup_epochs': 1000, 'opt_initial_learning_rate': 0.0001, 'opt_learning_rate_decay_boundary_epochs': [], 'opt_learning_rate_decay_factor': 1.0, 'opt_weight_decay': 0.0}, 'Epochs to converge': [1148, 1148, 1162, 1176, 1260, 1274, 1288, 1288, 1302, 1302, 1330, 1330, 1344, 1344, 1344, 1372, 1372, 1372, 1386, 1400, 1400, 1400, 1414, 1428, 1428, 1442, 1442, 1456, 1470, 1470, 1484, 1484, 1484, 1498, 1498, 1512, 1512, 1540, 1540, 1540, 1540, 1540, 1582, 1582, 1582, 1582, 1596, 1680, 1680, 1694, 1694, 1708, 1708, 1708, 1736, 1764, 1792, 1792, 1806, 1820, 1834, 1848, 1862, 1862, 1862, 1876, 1918, 1918, 1960, 1988, 2002, 2002, 2002, 2016, 2086, 2100, 2226, 2226, 2450, 2492], 'RCP Mean': 1603.7777777777778, 'RCP Stdev': 231.29311743508387, 'Max Speedup': 1.050393870717319, 'Min Epochs': 1526.8346688681174}
INFO -  Submission mean epochs: 2128.7500
INFO - RCP Test Passed: RCP not found but slower convergence on smaller batch size
INFO - ------------------------------
INFO - ------------------------------
INFO -  Running compliance checks in dir /mnt/resource_nvme/submissions_training_2.0/Azure/results/ND96amsr_A100_v4_n1_pytorch/bert
INFO -  System ND96amsr_A100_v4_n1_pytorch
INFO -  Benchmark bert
INFO - ------------------------------
INFO - ------------------------------
INFO - Run 1/10
INFO - Running compliance on file: /mnt/resource_nvme/submissions_training_2.0/Azure/results/ND96amsr_A100_v4_n1_pytorch/bert/result_0.txt
INFO -  Compliance checks: training_2.0.0/common.yaml
INFO -  Compliance checks: training_2.0.0/closed_common.yaml
INFO -  Compliance checks: training_2.0.0/closed_bert.yaml
INFO - ------------------------------
INFO - Run 2/10
INFO - Running compliance on file: /mnt/resource_nvme/submissions_training_2.0/Azure/results/ND96amsr_A100_v4_n1_pytorch/bert/result_1.txt
INFO -  Compliance checks: training_2.0.0/common.yaml
INFO -  Compliance checks: training_2.0.0/closed_common.yaml
INFO -  Compliance checks: training_2.0.0/closed_bert.yaml
INFO - ------------------------------
INFO - Run 3/10
INFO - Running compliance on file: /mnt/resource_nvme/submissions_training_2.0/Azure/results/ND96amsr_A100_v4_n1_pytorch/bert/result_2.txt
INFO -  Compliance checks: training_2.0.0/common.yaml
INFO -  Compliance checks: training_2.0.0/closed_common.yaml
INFO -  Compliance checks: training_2.0.0/closed_bert.yaml
INFO - ------------------------------
INFO - Run 4/10
INFO - Running compliance on file: /mnt/resource_nvme/submissions_training_2.0/Azure/results/ND96amsr_A100_v4_n1_pytorch/bert/result_3.txt
INFO -  Compliance checks: training_2.0.0/common.yaml
INFO -  Compliance checks: training_2.0.0/closed_common.yaml
INFO -  Compliance checks: training_2.0.0/closed_bert.yaml
INFO - ------------------------------
INFO - Run 5/10
INFO - Running compliance on file: /mnt/resource_nvme/submissions_training_2.0/Azure/results/ND96amsr_A100_v4_n1_pytorch/bert/result_4.txt
INFO -  Compliance checks: training_2.0.0/common.yaml
INFO -  Compliance checks: training_2.0.0/closed_common.yaml
INFO -  Compliance checks: training_2.0.0/closed_bert.yaml
INFO - ------------------------------
INFO - Run 6/10
INFO - Running compliance on file: /mnt/resource_nvme/submissions_training_2.0/Azure/results/ND96amsr_A100_v4_n1_pytorch/bert/result_5.txt
INFO -  Compliance checks: training_2.0.0/common.yaml
INFO -  Compliance checks: training_2.0.0/closed_common.yaml
INFO -  Compliance checks: training_2.0.0/closed_bert.yaml
INFO - ------------------------------
INFO - Run 7/10
INFO - Running compliance on file: /mnt/resource_nvme/submissions_training_2.0/Azure/results/ND96amsr_A100_v4_n1_pytorch/bert/result_6.txt
INFO -  Compliance checks: training_2.0.0/common.yaml
INFO -  Compliance checks: training_2.0.0/closed_common.yaml
INFO -  Compliance checks: training_2.0.0/closed_bert.yaml
INFO - ------------------------------
INFO - Run 8/10
INFO - Running compliance on file: /mnt/resource_nvme/submissions_training_2.0/Azure/results/ND96amsr_A100_v4_n1_pytorch/bert/result_7.txt
INFO -  Compliance checks: training_2.0.0/common.yaml
INFO -  Compliance checks: training_2.0.0/closed_common.yaml
INFO -  Compliance checks: training_2.0.0/closed_bert.yaml
INFO - ------------------------------
INFO - Run 9/10
INFO - Running compliance on file: /mnt/resource_nvme/submissions_training_2.0/Azure/results/ND96amsr_A100_v4_n1_pytorch/bert/result_8.txt
INFO -  Compliance checks: training_2.0.0/common.yaml
INFO -  Compliance checks: training_2.0.0/closed_common.yaml
INFO -  Compliance checks: training_2.0.0/closed_bert.yaml
INFO - ------------------------------
INFO - Run 10/10
INFO - Running compliance on file: /mnt/resource_nvme/submissions_training_2.0/Azure/results/ND96amsr_A100_v4_n1_pytorch/bert/result_9.txt
INFO -  Compliance checks: training_2.0.0/common.yaml
INFO -  Compliance checks: training_2.0.0/closed_common.yaml
INFO -  Compliance checks: training_2.0.0/closed_bert.yaml
INFO - ------------------------------
INFO -  Running Seed Checker
INFO - ------------------------------
INFO -  Running RCP Checker, pass: pruned_rcps
INFO - ------------------------------
INFO -  RCP Record: {'Benchmark': 'bert', 'BS': 448, 'Hyperparams': {}, 'Epochs to converge': [], 'RCP Mean': 2563897.6767676766, 'RCP Stdev': 193869.90667404307, 'Max Speedup': 1.0570292266768775, 'Min Epochs': 2425569.33343096}
INFO -  Submission mean epochs: 2718856.0000
INFO - RCP Test Passed: RCP Interpolation
INFO - ------------------------------
INFO - ------------------------------
INFO -  Running compliance checks in dir /mnt/resource_nvme/submissions_training_2.0/Azure/results/ND96amsr_A100_v4_n1_pytorch/maskrcnn
INFO -  System ND96amsr_A100_v4_n1_pytorch
INFO -  Benchmark maskrcnn
INFO - ------------------------------
INFO - ------------------------------
INFO - Run 1/5
INFO - Running compliance on file: /mnt/resource_nvme/submissions_training_2.0/Azure/results/ND96amsr_A100_v4_n1_pytorch/maskrcnn/result_0.txt
INFO -  Compliance checks: training_2.0.0/common.yaml
INFO -  Compliance checks: training_2.0.0/closed_common.yaml
INFO -  Compliance checks: training_2.0.0/closed_maskrcnn.yaml
INFO - ------------------------------
INFO - Run 2/5
INFO - Running compliance on file: /mnt/resource_nvme/submissions_training_2.0/Azure/results/ND96amsr_A100_v4_n1_pytorch/maskrcnn/result_1.txt
INFO -  Compliance checks: training_2.0.0/common.yaml
INFO -  Compliance checks: training_2.0.0/closed_common.yaml
INFO -  Compliance checks: training_2.0.0/closed_maskrcnn.yaml
INFO - ------------------------------
INFO - Run 3/5
INFO - Running compliance on file: /mnt/resource_nvme/submissions_training_2.0/Azure/results/ND96amsr_A100_v4_n1_pytorch/maskrcnn/result_2.txt
INFO -  Compliance checks: training_2.0.0/common.yaml
INFO -  Compliance checks: training_2.0.0/closed_common.yaml
INFO -  Compliance checks: training_2.0.0/closed_maskrcnn.yaml
INFO - ------------------------------
INFO - Run 4/5
INFO - Running compliance on file: /mnt/resource_nvme/submissions_training_2.0/Azure/results/ND96amsr_A100_v4_n1_pytorch/maskrcnn/result_3.txt
INFO -  Compliance checks: training_2.0.0/common.yaml
INFO -  Compliance checks: training_2.0.0/closed_common.yaml
INFO -  Compliance checks: training_2.0.0/closed_maskrcnn.yaml
INFO - ------------------------------
INFO - Run 5/5
INFO - Running compliance on file: /mnt/resource_nvme/submissions_training_2.0/Azure/results/ND96amsr_A100_v4_n1_pytorch/maskrcnn/result_4.txt
INFO -  Compliance checks: training_2.0.0/common.yaml
INFO -  Compliance checks: training_2.0.0/closed_common.yaml
INFO -  Compliance checks: training_2.0.0/closed_maskrcnn.yaml
INFO - ------------------------------
INFO -  Running Seed Checker
INFO - ------------------------------
INFO -  Running RCP Checker, pass: pruned_rcps
INFO - ------------------------------
INFO -  RCP Record: {'Benchmark': 'maskrcnn', 'BS': 96, 'Hyperparams': {'opt_learning_decay_steps': [12000, 16000], 'opt_base_learning_rate': 0.12, 'num_image_candidates': 6000, 'opt_learning_rate_warmup_factor': 0.000192, 'opt_learning_rate_warmup_steps': 625}, 'Epochs to converge': [13, 14, 14, 14, 14, 14, 14, 14, 14, 14, 14, 14, 14, 14, 14, 14, 14, 14, 15, 15], 'RCP Mean': 14.055555555555555, 'RCP Stdev': 0.2290614236454256, 'Max Speedup': 1.017886715526865, 'Min Epochs': 13.808565669589573}
INFO -  Submission mean epochs: 14.0000
INFO - RCP Test Passed: RCP found
INFO - ------------------------------
INFO - ------------------------------
INFO -  Running compliance checks in dir /mnt/resource_nvme/submissions_training_2.0/Azure/results/ND96amsr_A100_v4_n1_pytorch/rnnt
INFO -  System ND96amsr_A100_v4_n1_pytorch
INFO -  Benchmark rnnt
INFO - ------------------------------
INFO - ------------------------------
INFO - Run 1/10
INFO - Running compliance on file: /mnt/resource_nvme/submissions_training_2.0/Azure/results/ND96amsr_A100_v4_n1_pytorch/rnnt/result_0.txt
INFO -  Compliance checks: training_2.0.0/common.yaml
INFO -  Compliance checks: training_2.0.0/closed_common.yaml
INFO -  Compliance checks: training_2.0.0/closed_rnnt.yaml
INFO - ------------------------------
INFO - Run 2/10
INFO - Running compliance on file: /mnt/resource_nvme/submissions_training_2.0/Azure/results/ND96amsr_A100_v4_n1_pytorch/rnnt/result_1.txt
INFO -  Compliance checks: training_2.0.0/common.yaml
INFO -  Compliance checks: training_2.0.0/closed_common.yaml
INFO -  Compliance checks: training_2.0.0/closed_rnnt.yaml
INFO - ------------------------------
INFO - Run 3/10
INFO - Running compliance on file: /mnt/resource_nvme/submissions_training_2.0/Azure/results/ND96amsr_A100_v4_n1_pytorch/rnnt/result_2.txt
INFO -  Compliance checks: training_2.0.0/common.yaml
INFO -  Compliance checks: training_2.0.0/closed_common.yaml
INFO -  Compliance checks: training_2.0.0/closed_rnnt.yaml
INFO - ------------------------------
INFO - Run 4/10
INFO - Running compliance on file: /mnt/resource_nvme/submissions_training_2.0/Azure/results/ND96amsr_A100_v4_n1_pytorch/rnnt/result_3.txt
INFO -  Compliance checks: training_2.0.0/common.yaml
INFO -  Compliance checks: training_2.0.0/closed_common.yaml
INFO -  Compliance checks: training_2.0.0/closed_rnnt.yaml
INFO - ------------------------------
INFO - Run 5/10
INFO - Running compliance on file: /mnt/resource_nvme/submissions_training_2.0/Azure/results/ND96amsr_A100_v4_n1_pytorch/rnnt/result_4.txt
INFO -  Compliance checks: training_2.0.0/common.yaml
INFO -  Compliance checks: training_2.0.0/closed_common.yaml
INFO -  Compliance checks: training_2.0.0/closed_rnnt.yaml
INFO - ------------------------------
INFO - Run 6/10
INFO - Running compliance on file: /mnt/resource_nvme/submissions_training_2.0/Azure/results/ND96amsr_A100_v4_n1_pytorch/rnnt/result_5.txt
INFO -  Compliance checks: training_2.0.0/common.yaml
INFO -  Compliance checks: training_2.0.0/closed_common.yaml
INFO -  Compliance checks: training_2.0.0/closed_rnnt.yaml
INFO - ------------------------------
INFO - Run 7/10
INFO - Running compliance on file: /mnt/resource_nvme/submissions_training_2.0/Azure/results/ND96amsr_A100_v4_n1_pytorch/rnnt/result_6.txt
INFO -  Compliance checks: training_2.0.0/common.yaml
INFO -  Compliance checks: training_2.0.0/closed_common.yaml
INFO -  Compliance checks: training_2.0.0/closed_rnnt.yaml
INFO - ------------------------------
INFO - Run 8/10
INFO - Running compliance on file: /mnt/resource_nvme/submissions_training_2.0/Azure/results/ND96amsr_A100_v4_n1_pytorch/rnnt/result_7.txt
INFO -  Compliance checks: training_2.0.0/common.yaml
INFO -  Compliance checks: training_2.0.0/closed_common.yaml
INFO -  Compliance checks: training_2.0.0/closed_rnnt.yaml
INFO - ------------------------------
INFO - Run 9/10
INFO - Running compliance on file: /mnt/resource_nvme/submissions_training_2.0/Azure/results/ND96amsr_A100_v4_n1_pytorch/rnnt/result_8.txt
INFO -  Compliance checks: training_2.0.0/common.yaml
INFO -  Compliance checks: training_2.0.0/closed_common.yaml
INFO -  Compliance checks: training_2.0.0/closed_rnnt.yaml
INFO - ------------------------------
INFO - Run 10/10
INFO - Running compliance on file: /mnt/resource_nvme/submissions_training_2.0/Azure/results/ND96amsr_A100_v4_n1_pytorch/rnnt/result_9.txt
INFO -  Compliance checks: training_2.0.0/common.yaml
INFO -  Compliance checks: training_2.0.0/closed_common.yaml
INFO -  Compliance checks: training_2.0.0/closed_rnnt.yaml
INFO - ------------------------------
INFO -  Running Seed Checker
INFO - ------------------------------
INFO -  Running RCP Checker, pass: pruned_rcps
INFO - ------------------------------
INFO -  RCP Record: {'Benchmark': 'rnnt', 'BS': 1536, 'Hyperparams': {'opt_base_learning_rate': 0.0072, 'opt_lamb_learning_rate_hold_epochs': 26, 'opt_lamb_learning_rate_decay_poly_power': 0.92, 'opt_learning_rate_warmup_epochs': 5, 'opt_weight_decay': 0.001, 'opt_lamb_beta_1': 0.9, 'opt_lamb_beta_2': 0.999, 'opt_lamb_learning_rate_min': 1e-05, 'opt_gradient_clip_norm': 1.0, 'opt_gradient_accumulation_steps': 4, 'model_eva_ema_factor': 0.995, 'model_weights_initialization_scale': 0.5, 'data_train_num_buckets': 1}, 'Epochs to converge': [46, 46, 47, 47, 47, 47, 48, 48, 49, 49, 49, 49, 50, 50, 50, 50, 51, 51, 52, 52], 'RCP Mean': 48.888888888888886, 'RCP Stdev': 1.6292086998461313, 'Max Speedup': 1.024827668439257, 'Min Epochs': 47.70449744330512}
INFO -  Submission mean epochs: 48.2500
INFO - RCP Test Passed: RCP found
INFO - ------------------------------
INFO - ------------------------------
INFO -  Running compliance checks in dir /mnt/resource_nvme/submissions_training_2.0/Azure/results/ND96amsr_A100_v4_n1_pytorch/ssd
INFO -  System ND96amsr_A100_v4_n1_pytorch
INFO -  Benchmark ssd
INFO - ------------------------------
INFO - ------------------------------
INFO - Run 1/5
INFO - Running compliance on file: /mnt/resource_nvme/submissions_training_2.0/Azure/results/ND96amsr_A100_v4_n1_pytorch/ssd/result_0.txt
INFO -  Compliance checks: training_2.0.0/common.yaml
INFO -  Compliance checks: training_2.0.0/closed_common.yaml
INFO -  Compliance checks: training_2.0.0/closed_ssd.yaml
INFO - ------------------------------
INFO - Run 2/5
INFO - Running compliance on file: /mnt/resource_nvme/submissions_training_2.0/Azure/results/ND96amsr_A100_v4_n1_pytorch/ssd/result_1.txt
INFO -  Compliance checks: training_2.0.0/common.yaml
INFO -  Compliance checks: training_2.0.0/closed_common.yaml
INFO -  Compliance checks: training_2.0.0/closed_ssd.yaml
INFO - ------------------------------
INFO - Run 3/5
INFO - Running compliance on file: /mnt/resource_nvme/submissions_training_2.0/Azure/results/ND96amsr_A100_v4_n1_pytorch/ssd/result_2.txt
INFO -  Compliance checks: training_2.0.0/common.yaml
INFO -  Compliance checks: training_2.0.0/closed_common.yaml
INFO -  Compliance checks: training_2.0.0/closed_ssd.yaml
INFO - ------------------------------
INFO - Run 4/5
INFO - Running compliance on file: /mnt/resource_nvme/submissions_training_2.0/Azure/results/ND96amsr_A100_v4_n1_pytorch/ssd/result_3.txt
INFO -  Compliance checks: training_2.0.0/common.yaml
INFO -  Compliance checks: training_2.0.0/closed_common.yaml
INFO -  Compliance checks: training_2.0.0/closed_ssd.yaml
INFO - ------------------------------
INFO - Run 5/5
INFO - Running compliance on file: /mnt/resource_nvme/submissions_training_2.0/Azure/results/ND96amsr_A100_v4_n1_pytorch/ssd/result_4.txt
INFO -  Compliance checks: training_2.0.0/common.yaml
INFO -  Compliance checks: training_2.0.0/closed_common.yaml
INFO -  Compliance checks: training_2.0.0/closed_ssd.yaml
INFO - ------------------------------
INFO -  Running Seed Checker
INFO - ------------------------------
INFO -  Running RCP Checker, pass: pruned_rcps
INFO - ------------------------------
INFO -  RCP Record: {'Benchmark': 'ssd', 'BS': 256, 'Hyperparams': {'opt_base_learning_rate': 0.0001, 'opt_learning_rate_warmup_factor': 0.001, 'opt_learning_rate_warmup_epochs': 1, 'opt_weight_decay': 0}, 'Epochs to converge': [4, 4, 4, 4, 4, 4, 4, 4, 4, 4, 4, 4, 4, 4, 4, 4, 4, 4, 4, 4], 'RCP Mean': 4.0, 'RCP Stdev': 0.0, 'Max Speedup': 1.0, 'Min Epochs': 4.0}
INFO -  Submission mean epochs: 4.0000
INFO - RCP Test Passed: RCP found
INFO - ------------------------------
INFO - ------------------------------
INFO - PACKAGE CHECKER FOUND NO ERRORS, SUCCESS !
INFO - ------------------------------
