INFO -  Checking System Description Files
INFO -   System description checker passed for Bow-Pod64
INFO -   System description checker passed for 1_node_8_A100_PyTorch
INFO -   System description checker passed for Bow-Pod16
INFO -   System description checker passed for XMan4.0_1_node_8_A100_PaddlePaddle
INFO - ------------------------------
INFO -  Running compliance checks in dir /data2/zengjinle/submissions_training_2.0/Baidu/results/XMan4.0_1_node_8_A100_PaddlePaddle/bert
INFO -  System XMan4.0_1_node_8_A100_PaddlePaddle
INFO -  Benchmark bert
INFO - ------------------------------
INFO - ------------------------------
INFO - Run 1/10
INFO - Running compliance on file: /data2/zengjinle/submissions_training_2.0/Baidu/results/XMan4.0_1_node_8_A100_PaddlePaddle/bert/result_0.txt
INFO -  Compliance checks: training_2.0.0/common.yaml
INFO -  Compliance checks: training_2.0.0/closed_common.yaml
INFO -  Compliance checks: training_2.0.0/closed_bert.yaml
INFO - ------------------------------
INFO - Run 2/10
INFO - Running compliance on file: /data2/zengjinle/submissions_training_2.0/Baidu/results/XMan4.0_1_node_8_A100_PaddlePaddle/bert/result_1.txt
INFO -  Compliance checks: training_2.0.0/common.yaml
INFO -  Compliance checks: training_2.0.0/closed_common.yaml
INFO -  Compliance checks: training_2.0.0/closed_bert.yaml
INFO - ------------------------------
INFO - Run 3/10
INFO - Running compliance on file: /data2/zengjinle/submissions_training_2.0/Baidu/results/XMan4.0_1_node_8_A100_PaddlePaddle/bert/result_2.txt
INFO -  Compliance checks: training_2.0.0/common.yaml
INFO -  Compliance checks: training_2.0.0/closed_common.yaml
INFO -  Compliance checks: training_2.0.0/closed_bert.yaml
INFO - ------------------------------
INFO - Run 4/10
INFO - Running compliance on file: /data2/zengjinle/submissions_training_2.0/Baidu/results/XMan4.0_1_node_8_A100_PaddlePaddle/bert/result_3.txt
INFO -  Compliance checks: training_2.0.0/common.yaml
INFO -  Compliance checks: training_2.0.0/closed_common.yaml
INFO -  Compliance checks: training_2.0.0/closed_bert.yaml
INFO - ------------------------------
INFO - Run 5/10
INFO - Running compliance on file: /data2/zengjinle/submissions_training_2.0/Baidu/results/XMan4.0_1_node_8_A100_PaddlePaddle/bert/result_4.txt
INFO -  Compliance checks: training_2.0.0/common.yaml
INFO -  Compliance checks: training_2.0.0/closed_common.yaml
INFO -  Compliance checks: training_2.0.0/closed_bert.yaml
INFO - ------------------------------
INFO - Run 6/10
INFO - Running compliance on file: /data2/zengjinle/submissions_training_2.0/Baidu/results/XMan4.0_1_node_8_A100_PaddlePaddle/bert/result_5.txt
INFO -  Compliance checks: training_2.0.0/common.yaml
INFO -  Compliance checks: training_2.0.0/closed_common.yaml
INFO -  Compliance checks: training_2.0.0/closed_bert.yaml
INFO - ------------------------------
INFO - Run 7/10
INFO - Running compliance on file: /data2/zengjinle/submissions_training_2.0/Baidu/results/XMan4.0_1_node_8_A100_PaddlePaddle/bert/result_6.txt
INFO -  Compliance checks: training_2.0.0/common.yaml
INFO -  Compliance checks: training_2.0.0/closed_common.yaml
INFO -  Compliance checks: training_2.0.0/closed_bert.yaml
WARNING -  Failed checks for eval_accuracy : (v['value'] >= 0.720) and v['value'] < 1.0
INFO - ------------------------------
INFO - Run 8/10
INFO - Running compliance on file: /data2/zengjinle/submissions_training_2.0/Baidu/results/XMan4.0_1_node_8_A100_PaddlePaddle/bert/result_7.txt
INFO -  Compliance checks: training_2.0.0/common.yaml
INFO -  Compliance checks: training_2.0.0/closed_common.yaml
INFO -  Compliance checks: training_2.0.0/closed_bert.yaml
INFO - ------------------------------
INFO - Run 9/10
INFO - Running compliance on file: /data2/zengjinle/submissions_training_2.0/Baidu/results/XMan4.0_1_node_8_A100_PaddlePaddle/bert/result_8.txt
INFO -  Compliance checks: training_2.0.0/common.yaml
INFO -  Compliance checks: training_2.0.0/closed_common.yaml
INFO -  Compliance checks: training_2.0.0/closed_bert.yaml
INFO - ------------------------------
INFO - Run 10/10
INFO - Running compliance on file: /data2/zengjinle/submissions_training_2.0/Baidu/results/XMan4.0_1_node_8_A100_PaddlePaddle/bert/result_9.txt
INFO -  Compliance checks: training_2.0.0/common.yaml
INFO -  Compliance checks: training_2.0.0/closed_common.yaml
INFO -  Compliance checks: training_2.0.0/closed_bert.yaml
WARNING -  1 file does not comply, accepting this under olympic scoring
INFO - ------------------------------
INFO -  Running Seed Checker
INFO - ------------------------------
INFO -  Running RCP Checker, pass: pruned_rcps
INFO - ------------------------------
INFO -  RCP Record: {'Benchmark': 'bert', 'BS': 448, 'Hyperparams': {}, 'Epochs to converge': [], 'RCP Mean': 2563897.6767676766, 'RCP Stdev': 193869.90667404307, 'Max Speedup': 1.0570292266768775, 'Min Epochs': 2425569.33343096}
INFO -  Submission mean epochs: 2437736.0000
INFO - RCP Test Passed: RCP Interpolation
INFO - ------------------------------
INFO - ------------------------------
INFO -  Running compliance checks in dir /data2/zengjinle/submissions_training_2.0/Baidu/results/IPU_POD64_PaddlePaddle/bert
INFO -  System IPU_POD64_PaddlePaddle
INFO -  Benchmark bert
INFO - ------------------------------
INFO - ------------------------------
INFO - Run 1/10
INFO - Running compliance on file: /data2/zengjinle/submissions_training_2.0/Baidu/results/IPU_POD64_PaddlePaddle/bert/result_0.txt
INFO -  Compliance checks: training_2.0.0/common.yaml
INFO -  Compliance checks: training_2.0.0/closed_common.yaml
INFO -  Compliance checks: training_2.0.0/closed_bert.yaml
INFO - ------------------------------
INFO - Run 2/10
INFO - Running compliance on file: /data2/zengjinle/submissions_training_2.0/Baidu/results/IPU_POD64_PaddlePaddle/bert/result_1.txt
INFO -  Compliance checks: training_2.0.0/common.yaml
INFO -  Compliance checks: training_2.0.0/closed_common.yaml
INFO -  Compliance checks: training_2.0.0/closed_bert.yaml
INFO - ------------------------------
INFO - Run 3/10
INFO - Running compliance on file: /data2/zengjinle/submissions_training_2.0/Baidu/results/IPU_POD64_PaddlePaddle/bert/result_2.txt
INFO -  Compliance checks: training_2.0.0/common.yaml
INFO -  Compliance checks: training_2.0.0/closed_common.yaml
INFO -  Compliance checks: training_2.0.0/closed_bert.yaml
INFO - ------------------------------
INFO - Run 4/10
INFO - Running compliance on file: /data2/zengjinle/submissions_training_2.0/Baidu/results/IPU_POD64_PaddlePaddle/bert/result_3.txt
INFO -  Compliance checks: training_2.0.0/common.yaml
INFO -  Compliance checks: training_2.0.0/closed_common.yaml
INFO -  Compliance checks: training_2.0.0/closed_bert.yaml
INFO - ------------------------------
INFO - Run 5/10
INFO - Running compliance on file: /data2/zengjinle/submissions_training_2.0/Baidu/results/IPU_POD64_PaddlePaddle/bert/result_4.txt
INFO -  Compliance checks: training_2.0.0/common.yaml
INFO -  Compliance checks: training_2.0.0/closed_common.yaml
INFO -  Compliance checks: training_2.0.0/closed_bert.yaml
INFO - ------------------------------
INFO - Run 6/10
INFO - Running compliance on file: /data2/zengjinle/submissions_training_2.0/Baidu/results/IPU_POD64_PaddlePaddle/bert/result_5.txt
INFO -  Compliance checks: training_2.0.0/common.yaml
INFO -  Compliance checks: training_2.0.0/closed_common.yaml
INFO -  Compliance checks: training_2.0.0/closed_bert.yaml
INFO - ------------------------------
INFO - Run 7/10
INFO - Running compliance on file: /data2/zengjinle/submissions_training_2.0/Baidu/results/IPU_POD64_PaddlePaddle/bert/result_6.txt
INFO -  Compliance checks: training_2.0.0/common.yaml
INFO -  Compliance checks: training_2.0.0/closed_common.yaml
INFO -  Compliance checks: training_2.0.0/closed_bert.yaml
INFO - ------------------------------
INFO - Run 8/10
INFO - Running compliance on file: /data2/zengjinle/submissions_training_2.0/Baidu/results/IPU_POD64_PaddlePaddle/bert/result_7.txt
INFO -  Compliance checks: training_2.0.0/common.yaml
INFO -  Compliance checks: training_2.0.0/closed_common.yaml
INFO -  Compliance checks: training_2.0.0/closed_bert.yaml
INFO - ------------------------------
INFO - Run 9/10
INFO - Running compliance on file: /data2/zengjinle/submissions_training_2.0/Baidu/results/IPU_POD64_PaddlePaddle/bert/result_8.txt
INFO -  Compliance checks: training_2.0.0/common.yaml
INFO -  Compliance checks: training_2.0.0/closed_common.yaml
INFO -  Compliance checks: training_2.0.0/closed_bert.yaml
INFO - ------------------------------
INFO - Run 10/10
INFO - Running compliance on file: /data2/zengjinle/submissions_training_2.0/Baidu/results/IPU_POD64_PaddlePaddle/bert/result_9.txt
INFO -  Compliance checks: training_2.0.0/common.yaml
INFO -  Compliance checks: training_2.0.0/closed_common.yaml
INFO -  Compliance checks: training_2.0.0/closed_bert.yaml
INFO - ------------------------------
INFO -  Running Seed Checker
INFO - ------------------------------
INFO -  Running RCP Checker, pass: pruned_rcps
INFO - ------------------------------
INFO -  RCP Record: {'Benchmark': 'bert', 'BS': 4608, 'Hyperparams': {'opt_base_learning_rate': 0.0035, 'opt_epsilon': 1e-06, 'opt_learning_rate_training_steps': 700, 'num_warmup_steps': 0, 'start_warmup_step': 0, 'opt_lamb_beta_1': 0.62, 'opt_lamb_beta_2': 0.9, 'opt_lamb_weight_decay_rate': 0.01, 'gradient_accumulation_steps': 144}, 'Epochs to converge': [2488320, 2603520, 2626560, 2649600, 2718720, 2741760, 2787840, 2787840, 2787840, 2810880, 2810880, 2810880, 2833920, 2833920, 2833920, 2880000, 2880000, 2949120, 3018240, 3041280], 'RCP Mean': 2798080.0, 'RCP Stdev': 102239.87480430519, 'Max Speedup': 1.0272883999389735, 'Min Epochs': 2723753.135113977}
INFO -  Submission mean epochs: 2902615.3750
INFO - RCP Test Passed: RCP found
INFO - ------------------------------
INFO - ------------------------------
INFO -  Running compliance checks in dir /data2/zengjinle/submissions_training_2.0/Baidu/results/1_node_8_A100_PyTorch/bert
INFO -  System 1_node_8_A100_PyTorch
INFO -  Benchmark bert
INFO - ------------------------------
INFO - ------------------------------
INFO - Run 1/10
INFO - Running compliance on file: /data2/zengjinle/submissions_training_2.0/Baidu/results/1_node_8_A100_PyTorch/bert/result_0.txt
INFO -  Compliance checks: training_2.0.0/common.yaml
INFO -  Compliance checks: training_2.0.0/closed_common.yaml
INFO -  Compliance checks: training_2.0.0/closed_bert.yaml
INFO - ------------------------------
INFO - Run 2/10
INFO - Running compliance on file: /data2/zengjinle/submissions_training_2.0/Baidu/results/1_node_8_A100_PyTorch/bert/result_1.txt
INFO -  Compliance checks: training_2.0.0/common.yaml
INFO -  Compliance checks: training_2.0.0/closed_common.yaml
INFO -  Compliance checks: training_2.0.0/closed_bert.yaml
INFO - ------------------------------
INFO - Run 3/10
INFO - Running compliance on file: /data2/zengjinle/submissions_training_2.0/Baidu/results/1_node_8_A100_PyTorch/bert/result_2.txt
INFO -  Compliance checks: training_2.0.0/common.yaml
INFO -  Compliance checks: training_2.0.0/closed_common.yaml
INFO -  Compliance checks: training_2.0.0/closed_bert.yaml
INFO - ------------------------------
INFO - Run 4/10
INFO - Running compliance on file: /data2/zengjinle/submissions_training_2.0/Baidu/results/1_node_8_A100_PyTorch/bert/result_3.txt
INFO -  Compliance checks: training_2.0.0/common.yaml
INFO -  Compliance checks: training_2.0.0/closed_common.yaml
INFO -  Compliance checks: training_2.0.0/closed_bert.yaml
INFO - ------------------------------
INFO - Run 5/10
INFO - Running compliance on file: /data2/zengjinle/submissions_training_2.0/Baidu/results/1_node_8_A100_PyTorch/bert/result_4.txt
INFO -  Compliance checks: training_2.0.0/common.yaml
INFO -  Compliance checks: training_2.0.0/closed_common.yaml
INFO -  Compliance checks: training_2.0.0/closed_bert.yaml
INFO - ------------------------------
INFO - Run 6/10
INFO - Running compliance on file: /data2/zengjinle/submissions_training_2.0/Baidu/results/1_node_8_A100_PyTorch/bert/result_5.txt
INFO -  Compliance checks: training_2.0.0/common.yaml
INFO -  Compliance checks: training_2.0.0/closed_common.yaml
INFO -  Compliance checks: training_2.0.0/closed_bert.yaml
INFO - ------------------------------
INFO - Run 7/10
INFO - Running compliance on file: /data2/zengjinle/submissions_training_2.0/Baidu/results/1_node_8_A100_PyTorch/bert/result_6.txt
INFO -  Compliance checks: training_2.0.0/common.yaml
INFO -  Compliance checks: training_2.0.0/closed_common.yaml
INFO -  Compliance checks: training_2.0.0/closed_bert.yaml
INFO - ------------------------------
INFO - Run 8/10
INFO - Running compliance on file: /data2/zengjinle/submissions_training_2.0/Baidu/results/1_node_8_A100_PyTorch/bert/result_7.txt
INFO -  Compliance checks: training_2.0.0/common.yaml
INFO -  Compliance checks: training_2.0.0/closed_common.yaml
INFO -  Compliance checks: training_2.0.0/closed_bert.yaml
INFO - ------------------------------
INFO - Run 9/10
INFO - Running compliance on file: /data2/zengjinle/submissions_training_2.0/Baidu/results/1_node_8_A100_PyTorch/bert/result_8.txt
INFO -  Compliance checks: training_2.0.0/common.yaml
INFO -  Compliance checks: training_2.0.0/closed_common.yaml
INFO -  Compliance checks: training_2.0.0/closed_bert.yaml
INFO - ------------------------------
INFO - Run 10/10
INFO - Running compliance on file: /data2/zengjinle/submissions_training_2.0/Baidu/results/1_node_8_A100_PyTorch/bert/result_9.txt
INFO -  Compliance checks: training_2.0.0/common.yaml
INFO -  Compliance checks: training_2.0.0/closed_common.yaml
INFO -  Compliance checks: training_2.0.0/closed_bert.yaml
INFO - ------------------------------
INFO -  Running Seed Checker
INFO - ------------------------------
INFO -  Running RCP Checker, pass: pruned_rcps
INFO - ------------------------------
INFO -  RCP Record: {'Benchmark': 'bert', 'BS': 448, 'Hyperparams': {}, 'Epochs to converge': [], 'RCP Mean': 2563897.6767676766, 'RCP Stdev': 193869.90667404307, 'Max Speedup': 1.0570292266768775, 'Min Epochs': 2425569.33343096}
INFO -  Submission mean epochs: 2569000.0000
INFO - RCP Test Passed: RCP Interpolation
INFO - ------------------------------
INFO - ------------------------------
INFO -  Running compliance checks in dir /data2/zengjinle/submissions_training_2.0/Baidu/results/IPU_POD16_PaddlePaddle/bert
INFO -  System IPU_POD16_PaddlePaddle
INFO -  Benchmark bert
INFO - ------------------------------
INFO - ------------------------------
INFO - Run 1/10
INFO - Running compliance on file: /data2/zengjinle/submissions_training_2.0/Baidu/results/IPU_POD16_PaddlePaddle/bert/result_0.txt
INFO -  Compliance checks: training_2.0.0/common.yaml
INFO -  Compliance checks: training_2.0.0/closed_common.yaml
INFO -  Compliance checks: training_2.0.0/closed_bert.yaml
INFO - ------------------------------
INFO - Run 2/10
INFO - Running compliance on file: /data2/zengjinle/submissions_training_2.0/Baidu/results/IPU_POD16_PaddlePaddle/bert/result_1.txt
INFO -  Compliance checks: training_2.0.0/common.yaml
INFO -  Compliance checks: training_2.0.0/closed_common.yaml
INFO -  Compliance checks: training_2.0.0/closed_bert.yaml
INFO - ------------------------------
INFO - Run 3/10
INFO - Running compliance on file: /data2/zengjinle/submissions_training_2.0/Baidu/results/IPU_POD16_PaddlePaddle/bert/result_2.txt
INFO -  Compliance checks: training_2.0.0/common.yaml
INFO -  Compliance checks: training_2.0.0/closed_common.yaml
INFO -  Compliance checks: training_2.0.0/closed_bert.yaml
INFO - ------------------------------
INFO - Run 4/10
INFO - Running compliance on file: /data2/zengjinle/submissions_training_2.0/Baidu/results/IPU_POD16_PaddlePaddle/bert/result_3.txt
INFO -  Compliance checks: training_2.0.0/common.yaml
INFO -  Compliance checks: training_2.0.0/closed_common.yaml
INFO -  Compliance checks: training_2.0.0/closed_bert.yaml
INFO - ------------------------------
INFO - Run 5/10
INFO - Running compliance on file: /data2/zengjinle/submissions_training_2.0/Baidu/results/IPU_POD16_PaddlePaddle/bert/result_4.txt
INFO -  Compliance checks: training_2.0.0/common.yaml
INFO -  Compliance checks: training_2.0.0/closed_common.yaml
INFO -  Compliance checks: training_2.0.0/closed_bert.yaml
INFO - ------------------------------
INFO - Run 6/10
INFO - Running compliance on file: /data2/zengjinle/submissions_training_2.0/Baidu/results/IPU_POD16_PaddlePaddle/bert/result_5.txt
INFO -  Compliance checks: training_2.0.0/common.yaml
INFO -  Compliance checks: training_2.0.0/closed_common.yaml
INFO -  Compliance checks: training_2.0.0/closed_bert.yaml
INFO - ------------------------------
INFO - Run 7/10
INFO - Running compliance on file: /data2/zengjinle/submissions_training_2.0/Baidu/results/IPU_POD16_PaddlePaddle/bert/result_6.txt
INFO -  Compliance checks: training_2.0.0/common.yaml
INFO -  Compliance checks: training_2.0.0/closed_common.yaml
INFO -  Compliance checks: training_2.0.0/closed_bert.yaml
INFO - ------------------------------
INFO - Run 8/10
INFO - Running compliance on file: /data2/zengjinle/submissions_training_2.0/Baidu/results/IPU_POD16_PaddlePaddle/bert/result_7.txt
INFO -  Compliance checks: training_2.0.0/common.yaml
INFO -  Compliance checks: training_2.0.0/closed_common.yaml
INFO -  Compliance checks: training_2.0.0/closed_bert.yaml
INFO - ------------------------------
INFO - Run 9/10
INFO - Running compliance on file: /data2/zengjinle/submissions_training_2.0/Baidu/results/IPU_POD16_PaddlePaddle/bert/result_8.txt
INFO -  Compliance checks: training_2.0.0/common.yaml
INFO -  Compliance checks: training_2.0.0/closed_common.yaml
INFO -  Compliance checks: training_2.0.0/closed_bert.yaml
INFO - ------------------------------
INFO - Run 10/10
INFO - Running compliance on file: /data2/zengjinle/submissions_training_2.0/Baidu/results/IPU_POD16_PaddlePaddle/bert/result_9.txt
INFO -  Compliance checks: training_2.0.0/common.yaml
INFO -  Compliance checks: training_2.0.0/closed_common.yaml
INFO -  Compliance checks: training_2.0.0/closed_bert.yaml
INFO - ------------------------------
INFO -  Running Seed Checker
INFO - ------------------------------
INFO -  Running RCP Checker, pass: pruned_rcps
INFO - ------------------------------
INFO -  RCP Record: {'Benchmark': 'bert', 'BS': 3072, 'Hyperparams': {'opt_base_learning_rate': 0.002, 'opt_epsilon': 1e-06, 'opt_learning_rate_training_steps': 1141, 'num_warmup_steps': 100, 'start_warmup_step': 0, 'opt_lamb_beta_1': 0.66, 'opt_lamb_beta_2': 0.998, 'opt_lamb_weight_decay_rate': 0.01, 'gradient_accumulation_steps': 96}, 'Epochs to converge': [2482176, 2580480, 2580480, 2605056, 2605056, 2654208, 2678784, 2678784, 2703360, 2727936, 2777088, 2801664, 2826240, 2850816, 2850816, 2875392, 2919120, 2973696, 3072000, 3121152], 'RCP Mean': 2764498.6666666665, 'RCP Stdev': 138500.15317761284, 'Max Speedup': 1.0377983055603728, 'Min Epochs': 2663811.1199978683}
INFO -  Submission mean epochs: 2801593.8750
INFO - RCP Test Passed: RCP found
INFO - ------------------------------
INFO - ------------------------------
INFO - PACKAGE CHECKER FOUND NO ERRORS, SUCCESS !
INFO - ------------------------------
