INFO -  Checking System Description Files
INFO -   System description checker passed for SYS-420GH-TNGR
INFO -   System description checker passed for SYS-420GH-TNGR
INFO - ------------------------------
INFO -  Running compliance checks in dir /home/supermicro01/kevin/mlperf-training-v2.0/logging/submission/closed/Supermicro/results/SYS-420GH-TNGR_N2/resnet
INFO -  System SYS-420GH-TNGR_N2
INFO -  Benchmark resnet
INFO - ------------------------------
INFO - ------------------------------
INFO - Run 1/5
INFO - Running compliance on file: /home/supermicro01/kevin/mlperf-training-v2.0/logging/submission/closed/Supermicro/results/SYS-420GH-TNGR_N2/resnet/result_0.txt
INFO -  Compliance checks: training_2.0.0/common.yaml
INFO -  Compliance checks: training_2.0.0/closed_common.yaml
INFO -  Compliance checks: training_2.0.0/closed_resnet.yaml
INFO -  Compliance checks: training_2.0.0/closed_resnet_lars.yaml
INFO - ------------------------------
INFO - Run 2/5
INFO - Running compliance on file: /home/supermicro01/kevin/mlperf-training-v2.0/logging/submission/closed/Supermicro/results/SYS-420GH-TNGR_N2/resnet/result_1.txt
INFO -  Compliance checks: training_2.0.0/common.yaml
INFO -  Compliance checks: training_2.0.0/closed_common.yaml
INFO -  Compliance checks: training_2.0.0/closed_resnet.yaml
INFO -  Compliance checks: training_2.0.0/closed_resnet_lars.yaml
INFO - ------------------------------
INFO - Run 3/5
INFO - Running compliance on file: /home/supermicro01/kevin/mlperf-training-v2.0/logging/submission/closed/Supermicro/results/SYS-420GH-TNGR_N2/resnet/result_2.txt
INFO -  Compliance checks: training_2.0.0/common.yaml
INFO -  Compliance checks: training_2.0.0/closed_common.yaml
INFO -  Compliance checks: training_2.0.0/closed_resnet.yaml
INFO -  Compliance checks: training_2.0.0/closed_resnet_lars.yaml
INFO - ------------------------------
INFO - Run 4/5
INFO - Running compliance on file: /home/supermicro01/kevin/mlperf-training-v2.0/logging/submission/closed/Supermicro/results/SYS-420GH-TNGR_N2/resnet/result_3.txt
INFO -  Compliance checks: training_2.0.0/common.yaml
INFO -  Compliance checks: training_2.0.0/closed_common.yaml
INFO -  Compliance checks: training_2.0.0/closed_resnet.yaml
INFO -  Compliance checks: training_2.0.0/closed_resnet_lars.yaml
INFO - ------------------------------
INFO - Run 5/5
INFO - Running compliance on file: /home/supermicro01/kevin/mlperf-training-v2.0/logging/submission/closed/Supermicro/results/SYS-420GH-TNGR_N2/resnet/result_4.txt
INFO -  Compliance checks: training_2.0.0/common.yaml
INFO -  Compliance checks: training_2.0.0/closed_common.yaml
INFO -  Compliance checks: training_2.0.0/closed_resnet.yaml
INFO -  Compliance checks: training_2.0.0/closed_resnet_lars.yaml
INFO - ------------------------------
INFO -  Running Seed Checker
INFO - ------------------------------
INFO -  Running RCP Checker, pass: pruned_rcps
INFO - ------------------------------
INFO -  RCP Record: {'Benchmark': 'resnet', 'BS': 4096, 'Hyperparams': {}, 'Epochs to converge': [], 'RCP Mean': 35.74938311339985, 'RCP Stdev': 0.5323414949162062, 'Max Speedup': 1.0179193237273045, 'Min Epochs': 35.12005547011005}
INFO -  Submission mean epochs: 39.0000
INFO - RCP Test Passed: RCP Interpolation
INFO - ------------------------------
INFO - ------------------------------
INFO -  Running compliance checks in dir /home/supermicro01/kevin/mlperf-training-v2.0/logging/submission/closed/Supermicro/results/SYS-420GH-TNGR_N1/resnet
INFO -  System SYS-420GH-TNGR_N1
INFO -  Benchmark resnet
INFO - ------------------------------
INFO - ------------------------------
INFO - Run 1/5
INFO - Running compliance on file: /home/supermicro01/kevin/mlperf-training-v2.0/logging/submission/closed/Supermicro/results/SYS-420GH-TNGR_N1/resnet/result_0.txt
INFO -  Compliance checks: training_2.0.0/common.yaml
INFO -  Compliance checks: training_2.0.0/closed_common.yaml
INFO -  Compliance checks: training_2.0.0/closed_resnet.yaml
INFO -  Compliance checks: training_2.0.0/closed_resnet_lars.yaml
INFO - ------------------------------
INFO - Run 2/5
INFO - Running compliance on file: /home/supermicro01/kevin/mlperf-training-v2.0/logging/submission/closed/Supermicro/results/SYS-420GH-TNGR_N1/resnet/result_1.txt
INFO -  Compliance checks: training_2.0.0/common.yaml
INFO -  Compliance checks: training_2.0.0/closed_common.yaml
INFO -  Compliance checks: training_2.0.0/closed_resnet.yaml
INFO -  Compliance checks: training_2.0.0/closed_resnet_lars.yaml
INFO - ------------------------------
INFO - Run 3/5
INFO - Running compliance on file: /home/supermicro01/kevin/mlperf-training-v2.0/logging/submission/closed/Supermicro/results/SYS-420GH-TNGR_N1/resnet/result_2.txt
INFO -  Compliance checks: training_2.0.0/common.yaml
INFO -  Compliance checks: training_2.0.0/closed_common.yaml
INFO -  Compliance checks: training_2.0.0/closed_resnet.yaml
INFO -  Compliance checks: training_2.0.0/closed_resnet_lars.yaml
INFO - ------------------------------
INFO - Run 4/5
INFO - Running compliance on file: /home/supermicro01/kevin/mlperf-training-v2.0/logging/submission/closed/Supermicro/results/SYS-420GH-TNGR_N1/resnet/result_3.txt
INFO -  Compliance checks: training_2.0.0/common.yaml
INFO -  Compliance checks: training_2.0.0/closed_common.yaml
INFO -  Compliance checks: training_2.0.0/closed_resnet.yaml
INFO -  Compliance checks: training_2.0.0/closed_resnet_lars.yaml
INFO - ------------------------------
INFO - Run 5/5
INFO - Running compliance on file: /home/supermicro01/kevin/mlperf-training-v2.0/logging/submission/closed/Supermicro/results/SYS-420GH-TNGR_N1/resnet/result_4.txt
INFO -  Compliance checks: training_2.0.0/common.yaml
INFO -  Compliance checks: training_2.0.0/closed_common.yaml
INFO -  Compliance checks: training_2.0.0/closed_resnet.yaml
INFO -  Compliance checks: training_2.0.0/closed_resnet_lars.yaml
INFO - ------------------------------
INFO -  Running Seed Checker
INFO - ------------------------------
INFO -  Running RCP Checker, pass: pruned_rcps
INFO - ------------------------------
INFO -  RCP Record: {'Benchmark': 'resnet', 'BS': 2048, 'Hyperparams': {}, 'Epochs to converge': [], 'RCP Mean': 35.03921568627451, 'RCP Stdev': 0.8022830683974963, 'Max Speedup': 1.0278212063795773, 'Min Epochs': 34.090769356372306}
INFO -  Submission mean epochs: 35.0000
INFO - RCP Test Passed: RCP Interpolation
INFO - ------------------------------
INFO - ------------------------------
INFO - PACKAGE CHECKER FOUND NO ERRORS, SUCCESS !
INFO - ------------------------------
