INFO -  Checking System Description Files
INFO -  Checking System Description Files
INFO -   System description checker passed for Dell Precision 7920 Tower with 2x A5000
INFO - ------------------------------
INFO -  Running compliance checks in dir /home/elim/mlperf-training/submissions_training_2.0/Krai/results/7920T_2xA5000/resnet
INFO -  System 7920T_2xA5000
INFO -  Benchmark resnet
INFO - ------------------------------
INFO - ------------------------------
INFO - Run 1/5
INFO - Running compliance on file: /home/elim/mlperf-training/submissions_training_2.0/Krai/results/7920T_2xA5000/resnet/result_0.txt
INFO -  Compliance checks: training_2.0.0/common.yaml
INFO -  Compliance checks: training_2.0.0/closed_common.yaml
INFO -  Compliance checks: training_2.0.0/closed_resnet.yaml
INFO -  Compliance checks: training_2.0.0/closed_resnet_lars.yaml
INFO - ------------------------------
INFO - Run 2/5
INFO - Running compliance on file: /home/elim/mlperf-training/submissions_training_2.0/Krai/results/7920T_2xA5000/resnet/result_1.txt
INFO -  Compliance checks: training_2.0.0/common.yaml
INFO -  Compliance checks: training_2.0.0/closed_common.yaml
INFO -  Compliance checks: training_2.0.0/closed_resnet.yaml
INFO -  Compliance checks: training_2.0.0/closed_resnet_lars.yaml
INFO - ------------------------------
INFO - Run 3/5
INFO - Running compliance on file: /home/elim/mlperf-training/submissions_training_2.0/Krai/results/7920T_2xA5000/resnet/result_2.txt
INFO -  Compliance checks: training_2.0.0/common.yaml
INFO -  Compliance checks: training_2.0.0/closed_common.yaml
INFO -  Compliance checks: training_2.0.0/closed_resnet.yaml
INFO -  Compliance checks: training_2.0.0/closed_resnet_lars.yaml
INFO - ------------------------------
INFO - Run 4/5
INFO - Running compliance on file: /home/elim/mlperf-training/submissions_training_2.0/Krai/results/7920T_2xA5000/resnet/result_3.txt
INFO -  Compliance checks: training_2.0.0/common.yaml
INFO -  Compliance checks: training_2.0.0/closed_common.yaml
INFO -  Compliance checks: training_2.0.0/closed_resnet.yaml
INFO -  Compliance checks: training_2.0.0/closed_resnet_lars.yaml
INFO - ------------------------------
INFO - Run 5/5
INFO - Running compliance on file: /home/elim/mlperf-training/submissions_training_2.0/Krai/results/7920T_2xA5000/resnet/result_4.txt
INFO -  Compliance checks: training_2.0.0/common.yaml
INFO -  Compliance checks: training_2.0.0/closed_common.yaml
INFO -  Compliance checks: training_2.0.0/closed_resnet.yaml
INFO -  Compliance checks: training_2.0.0/closed_resnet_lars.yaml
INFO - ------------------------------
INFO -  Running Seed Checker
INFO - ------------------------------
INFO -  Running RCP Checker, pass: pruned_rcps
INFO - ------------------------------
INFO -  RCP Record: {'Benchmark': 'resnet', 'BS': 1632, 'Hyperparams': {'optimizer': 'lars', 'opt_base_learning_rate': 7.4, 'opt_learning_rate_warmup_epochs': 2, 'opt_momentum': 0.9, 'opt_weight_decay': 5e-05, 'opt_learning_rate_decay_steps': 27476, 'model_bn_span': 204}, 'Epochs to converge': [33, 34, 34, 34, 34, 35, 35, 35, 35, 35, 35, 35, 35, 35, 37, 37, 37], 'RCP Mean': 35.0, 'RCP Stdev': 0.8944271909999159, 'Max Speedup': 1.029037661913253, 'Min Epochs': 34.01236057281494}
INFO -  Submission mean epochs: 35.0000
INFO - RCP Test Passed: RCP not found but slower convergence on smaller batch size
INFO - ------------------------------
INFO - ------------------------------
INFO - PACKAGE CHECKER FOUND NO ERRORS, SUCCESS !
INFO - ------------------------------
